Started GET "/" for ::1 at 2024-09-02 17:42:13 +0900
Processing by Rails::WelcomeController#index as HTML
  Rendering C:/Ruby31-x64/lib/ruby/gems/3.1.0/gems/railties-7.0.8.4/lib/rails/templates/rails/welcome/index.html.erb
  Rendered C:/Ruby31-x64/lib/ruby/gems/3.1.0/gems/railties-7.0.8.4/lib/rails/templates/rails/welcome/index.html.erb (Duration: 13.8ms | Allocations: 681)
Completed 200 OK in 177ms (Views: 45.6ms | ActiveRecord: 0.0ms | Allocations: 7763)


Started GET "/" for ::1 at 2024-09-02 17:15:23 +0900
Processing by Rails::WelcomeController#index as HTML
  Rendering C:/Ruby31-x64/lib/ruby/gems/3.1.0/gems/railties-7.0.8.4/lib/rails/templates/rails/welcome/index.html.erb
  Rendered C:/Ruby31-x64/lib/ruby/gems/3.1.0/gems/railties-7.0.8.4/lib/rails/templates/rails/welcome/index.html.erb (Duration: 64.8ms | Allocations: 552)
Completed 200 OK in 252ms (Views: 122.4ms | ActiveRecord: 0.0ms | Allocations: 4917)


Started GET "/" for ::1 at 2024-09-02 17:21:56 +0900
Processing by Rails::WelcomeController#index as HTML
  Rendering C:/Ruby31-x64/lib/ruby/gems/3.1.0/gems/railties-7.0.8.4/lib/rails/templates/rails/welcome/index.html.erb
  Rendered C:/Ruby31-x64/lib/ruby/gems/3.1.0/gems/railties-7.0.8.4/lib/rails/templates/rails/welcome/index.html.erb (Duration: 1.0ms | Allocations: 296)
Completed 200 OK in 10ms (Views: 4.2ms | ActiveRecord: 0.0ms | Allocations: 1091)


Started GET "/" for ::1 at 2024-09-02 17:27:54 +0900
Processing by CsvController#index as HTML
  Rendering layout layouts/application.html.erb
  Rendering csv/index.html.erb within layouts/application
  Rendered csv/index.html.erb within layouts/application (Duration: 19.6ms | Allocations: 760)
  Rendered layout layouts/application.html.erb (Duration: 795.9ms | Allocations: 72022)
Completed 500 Internal Server Error in 814ms (ActiveRecord: 0.0ms | Allocations: 73172)


  
ActionView::Template::Error (Permission denied @ rb_file_s_rename - (C:/Users/zatoa/csv_kadai/tmp/cache/assets/sprockets/v4.0.0/9G/9G7nyEFwUTpKKky3kPMtqxSBMzbWdiL4IwPSLIN39_w.cache.28480.9976.729108, C:/Users/zatoa/csv_kadai/tmp/cache/assets/sprockets/v4.0.0/9G/9G7nyEFwUTpKKky3kPMtqxSBMzbWdiL4IwPSLIN39_w.cache)):
  
sprockets (4.2.1) lib/sprockets/path_utils.rb:362:in `rename'
sprockets (4.2.1) lib/sprockets/path_utils.rb:362:in `atomic_write'
sprockets (4.2.1) lib/sprockets/cache/file_store.rb:112:in `set'
sprockets (4.2.1) lib/sprockets/cache.rb:227:in `set'
sprockets (4.2.1) lib/sprockets/cache.rb:143:in `set'
sprockets (4.2.1) lib/sprockets/loader.rb:265:in `store_asset'
sprockets (4.2.1) lib/sprockets/loader.rb:228:in `load_from_unloaded'
sprockets (4.2.1) lib/sprockets/loader.rb:59:in `block in load'
sprockets (4.2.1) lib/sprockets/loader.rb:339:in `fetch_asset_from_dependency_cache'
sprockets (4.2.1) lib/sprockets/loader.rb:43:in `load'
sprockets (4.2.1) lib/sprockets/cached_environment.rb:44:in `block in load'
concurrent-ruby (1.3.4) lib/concurrent-ruby/concurrent/map.rb:207:in `block in fetch_or_store'
concurrent-ruby (1.3.4) lib/concurrent-ruby/concurrent/map.rb:187:in `fetch'
concurrent-ruby (1.3.4) lib/concurrent-ruby/concurrent/map.rb:206:in `fetch_or_store'
sprockets (4.2.1) lib/sprockets/cached_environment.rb:44:in `load'
sprockets (4.2.1) lib/sprockets/base.rb:81:in `find_asset'
sprockets (4.2.1) lib/sprockets/base.rb:88:in `find_all_linked_assets'
sprockets (4.2.1) lib/sprockets/manifest.rb:125:in `each'
sprockets (4.2.1) lib/sprockets/manifest.rb:125:in `to_a'
sprockets (4.2.1) lib/sprockets/manifest.rb:125:in `block (2 levels) in find'
concurrent-ruby (1.3.4) lib/concurrent-ruby/concurrent/executor/safe_task_executor.rb:24:in `block in execute'
concurrent-ruby (1.3.4) lib/concurrent-ruby/concurrent/synchronization/mutex_lockable_object.rb:48:in `block in synchronize'
concurrent-ruby (1.3.4) lib/concurrent-ruby/concurrent/synchronization/mutex_lockable_object.rb:48:in `synchronize'
concurrent-ruby (1.3.4) lib/concurrent-ruby/concurrent/synchronization/mutex_lockable_object.rb:48:in `synchronize'
concurrent-ruby (1.3.4) lib/concurrent-ruby/concurrent/executor/safe_task_executor.rb:22:in `execute'
concurrent-ruby (1.3.4) lib/concurrent-ruby/concurrent/promise.rb:564:in `block in realize'
concurrent-ruby (1.3.4) lib/concurrent-ruby/concurrent/executor/ruby_thread_pool_executor.rb:359:in `run_task'
concurrent-ruby (1.3.4) lib/concurrent-ruby/concurrent/executor/ruby_thread_pool_executor.rb:350:in `block (3 levels) in create_worker'
concurrent-ruby (1.3.4) lib/concurrent-ruby/concurrent/executor/ruby_thread_pool_executor.rb:341:in `loop'
concurrent-ruby (1.3.4) lib/concurrent-ruby/concurrent/executor/ruby_thread_pool_executor.rb:341:in `block (2 levels) in create_worker'
concurrent-ruby (1.3.4) lib/concurrent-ruby/concurrent/executor/ruby_thread_pool_executor.rb:340:in `catch'
concurrent-ruby (1.3.4) lib/concurrent-ruby/concurrent/executor/ruby_thread_pool_executor.rb:340:in `block in create_worker'
Started GET "/" for ::1 at 2024-09-02 17:32:10 +0900
Processing by CsvController#index as HTML
  Rendering layout layouts/application.html.erb
  Rendering csv/index.html.erb within layouts/application
  Rendered csv/index.html.erb within layouts/application (Duration: 20.9ms | Allocations: 1001)
  Rendered layout layouts/application.html.erb (Duration: 95.3ms | Allocations: 35403)
Completed 200 OK in 149ms (Views: 109.6ms | ActiveRecord: 0.0ms | Allocations: 39950)


Started GET "/" for ::1 at 2024-09-02 17:32:24 +0900
Processing by CsvController#index as HTML
  Rendering layout layouts/application.html.erb
  Rendering csv/index.html.erb within layouts/application
  Rendered csv/index.html.erb within layouts/application (Duration: 0.8ms | Allocations: 431)
  Rendered layout layouts/application.html.erb (Duration: 6.8ms | Allocations: 1842)
Completed 200 OK in 9ms (Views: 7.8ms | ActiveRecord: 0.0ms | Allocations: 2191)


Started GET "/" for ::1 at 2024-09-02 17:33:01 +0900
Processing by CsvController#index as HTML
  Rendering layout layouts/application.html.erb
  Rendering csv/index.html.erb within layouts/application
  Rendered csv/index.html.erb within layouts/application (Duration: 0.6ms | Allocations: 340)
  Rendered layout layouts/application.html.erb (Duration: 6.2ms | Allocations: 1722)
Completed 200 OK in 11ms (Views: 7.8ms | ActiveRecord: 0.0ms | Allocations: 2012)


Started GET "/" for ::1 at 2024-09-02 17:34:29 +0900
Processing by CsvController#index as HTML
  Rendering layout layouts/application.html.erb
  Rendering csv/index.html.erb within layouts/application
  Rendered csv/index.html.erb within layouts/application (Duration: 1.3ms | Allocations: 626)
  Rendered layout layouts/application.html.erb (Duration: 40.3ms | Allocations: 16524)
Completed 200 OK in 58ms (Views: 53.4ms | ActiveRecord: 0.0ms | Allocations: 17604)


Started POST "/data" for ::1 at 2024-09-02 17:34:31 +0900
Processing by CsvController#data as TURBO_STREAM
  Parameters: {"authenticity_token"=>"[FILTERED]"}
  Rendering layout layouts/application.html.erb
  Rendering csv/data.html.erb within layouts/application
  Rendered csv/data.html.erb within layouts/application (Duration: 23.3ms | Allocations: 136)
  Rendered layout layouts/application.html.erb (Duration: 30.0ms | Allocations: 1643)
Completed 200 OK in 37ms (Views: 31.5ms | ActiveRecord: 0.0ms | Allocations: 2464)


Started POST "/data" for ::1 at 2024-09-02 17:34:32 +0900
Processing by CsvController#data as TURBO_STREAM
  Parameters: {"authenticity_token"=>"[FILTERED]"}
  Rendering layout layouts/application.html.erb
  Rendering csv/data.html.erb within layouts/application
  Rendered csv/data.html.erb within layouts/application (Duration: 0.1ms | Allocations: 7)
  Rendered layout layouts/application.html.erb (Duration: 7.2ms | Allocations: 1379)
Completed 200 OK in 11ms (Views: 8.9ms | ActiveRecord: 0.0ms | Allocations: 1877)


Started POST "/data" for ::1 at 2024-09-02 17:34:36 +0900
Processing by CsvController#data as TURBO_STREAM
  Parameters: {"authenticity_token"=>"[FILTERED]", "csv"=>#<ActionDispatch::Http::UploadedFile:0x00000287e368e198 @tempfile=#<Tempfile:C:/Users/zatoa/AppData/Local/Temp/RackMultipart20240902-3780-enyb8t.csv>, @content_type="text/csv", @original_filename="kadai.csv", @headers="Content-Disposition: form-data; name=\"csv\"; filename=\"kadai.csv\"\r\nContent-Type: text/csv\r\n">}
  Rendering layout layouts/application.html.erb
  Rendering csv/data.html.erb within layouts/application
  Rendered csv/data.html.erb within layouts/application (Duration: 0.0ms | Allocations: 7)
  Rendered layout layouts/application.html.erb (Duration: 5.8ms | Allocations: 1379)
Completed 200 OK in 10ms (Views: 7.0ms | ActiveRecord: 0.0ms | Allocations: 1871)


Started POST "/data" for ::1 at 2024-09-02 17:34:38 +0900
Processing by CsvController#data as TURBO_STREAM
  Parameters: {"authenticity_token"=>"[FILTERED]", "csv"=>#<ActionDispatch::Http::UploadedFile:0x00000287e37b5a58 @tempfile=#<Tempfile:C:/Users/zatoa/AppData/Local/Temp/RackMultipart20240902-3780-zrabb1.csv>, @content_type="text/csv", @original_filename="kadai.csv", @headers="Content-Disposition: form-data; name=\"csv\"; filename=\"kadai.csv\"\r\nContent-Type: text/csv\r\n">}
  Rendering layout layouts/application.html.erb
  Rendering csv/data.html.erb within layouts/application
  Rendered csv/data.html.erb within layouts/application (Duration: 0.0ms | Allocations: 7)
  Rendered layout layouts/application.html.erb (Duration: 7.9ms | Allocations: 1380)
Completed 200 OK in 13ms (Views: 9.2ms | ActiveRecord: 0.0ms | Allocations: 1881)


Started POST "/data" for ::1 at 2024-09-02 17:34:38 +0900
Processing by CsvController#data as TURBO_STREAM
  Parameters: {"authenticity_token"=>"[FILTERED]", "csv"=>#<ActionDispatch::Http::UploadedFile:0x00000287e38d9650 @tempfile=#<Tempfile:C:/Users/zatoa/AppData/Local/Temp/RackMultipart20240902-3780-3rurlf.csv>, @content_type="text/csv", @original_filename="kadai.csv", @headers="Content-Disposition: form-data; name=\"csv\"; filename=\"kadai.csv\"\r\nContent-Type: text/csv\r\n">}
  Rendering layout layouts/application.html.erb
  Rendering csv/data.html.erb within layouts/application
  Rendered csv/data.html.erb within layouts/application (Duration: 0.0ms | Allocations: 7)
  Rendered layout layouts/application.html.erb (Duration: 5.9ms | Allocations: 1379)
Completed 200 OK in 11ms (Views: 7.4ms | ActiveRecord: 0.0ms | Allocations: 1883)


Started POST "/data" for ::1 at 2024-09-02 17:34:38 +0900
Processing by CsvController#data as TURBO_STREAM
  Parameters: {"authenticity_token"=>"[FILTERED]", "csv"=>#<ActionDispatch::Http::UploadedFile:0x00000287e3715468 @tempfile=#<Tempfile:C:/Users/zatoa/AppData/Local/Temp/RackMultipart20240902-3780-dvnrin.csv>, @content_type="text/csv", @original_filename="kadai.csv", @headers="Content-Disposition: form-data; name=\"csv\"; filename=\"kadai.csv\"\r\nContent-Type: text/csv\r\n">}
  Rendering layout layouts/application.html.erb
  Rendering csv/data.html.erb within layouts/application
  Rendered csv/data.html.erb within layouts/application (Duration: 0.0ms | Allocations: 7)
  Rendered layout layouts/application.html.erb (Duration: 4.6ms | Allocations: 1379)
Completed 200 OK in 8ms (Views: 5.4ms | ActiveRecord: 0.0ms | Allocations: 1865)


Started POST "/data" for ::1 at 2024-09-02 17:34:39 +0900
Processing by CsvController#data as TURBO_STREAM
  Parameters: {"authenticity_token"=>"[FILTERED]", "csv"=>#<ActionDispatch::Http::UploadedFile:0x00000287e3b51540 @tempfile=#<Tempfile:C:/Users/zatoa/AppData/Local/Temp/RackMultipart20240902-3780-v2jnmu.csv>, @content_type="text/csv", @original_filename="kadai.csv", @headers="Content-Disposition: form-data; name=\"csv\"; filename=\"kadai.csv\"\r\nContent-Type: text/csv\r\n">}
  Rendering layout layouts/application.html.erb
  Rendering csv/data.html.erb within layouts/application
  Rendered csv/data.html.erb within layouts/application (Duration: 0.0ms | Allocations: 7)
  Rendered layout layouts/application.html.erb (Duration: 4.8ms | Allocations: 1379)
Completed 200 OK in 10ms (Views: 5.9ms | ActiveRecord: 0.0ms | Allocations: 1871)


Started POST "/data" for ::1 at 2024-09-02 17:34:39 +0900
Processing by CsvController#data as TURBO_STREAM
  Parameters: {"authenticity_token"=>"[FILTERED]", "csv"=>#<ActionDispatch::Http::UploadedFile:0x00000287e3ca1490 @tempfile=#<Tempfile:C:/Users/zatoa/AppData/Local/Temp/RackMultipart20240902-3780-ob5m0m.csv>, @content_type="text/csv", @original_filename="kadai.csv", @headers="Content-Disposition: form-data; name=\"csv\"; filename=\"kadai.csv\"\r\nContent-Type: text/csv\r\n">}
  Rendering layout layouts/application.html.erb
  Rendering csv/data.html.erb within layouts/application
  Rendered csv/data.html.erb within layouts/application (Duration: 0.0ms | Allocations: 7)
  Rendered layout layouts/application.html.erb (Duration: 4.4ms | Allocations: 1379)
Completed 200 OK in 9ms (Views: 5.9ms | ActiveRecord: 0.0ms | Allocations: 1868)


Started POST "/data" for ::1 at 2024-09-02 17:34:39 +0900
Processing by CsvController#data as TURBO_STREAM
  Parameters: {"authenticity_token"=>"[FILTERED]", "csv"=>#<ActionDispatch::Http::UploadedFile:0x00000287e3dc1488 @tempfile=#<Tempfile:C:/Users/zatoa/AppData/Local/Temp/RackMultipart20240902-3780-kr0kr9.csv>, @content_type="text/csv", @original_filename="kadai.csv", @headers="Content-Disposition: form-data; name=\"csv\"; filename=\"kadai.csv\"\r\nContent-Type: text/csv\r\n">}
  Rendering layout layouts/application.html.erb
  Rendering csv/data.html.erb within layouts/application
  Rendered csv/data.html.erb within layouts/application (Duration: 0.1ms | Allocations: 7)
  Rendered layout layouts/application.html.erb (Duration: 6.7ms | Allocations: 1379)
Completed 200 OK in 13ms (Views: 8.1ms | ActiveRecord: 0.0ms | Allocations: 1874)


Started POST "/data" for ::1 at 2024-09-02 17:34:39 +0900
Processing by CsvController#data as TURBO_STREAM
  Parameters: {"authenticity_token"=>"[FILTERED]", "csv"=>#<ActionDispatch::Http::UploadedFile:0x00000287e3edd470 @tempfile=#<Tempfile:C:/Users/zatoa/AppData/Local/Temp/RackMultipart20240902-3780-sdibiq.csv>, @content_type="text/csv", @original_filename="kadai.csv", @headers="Content-Disposition: form-data; name=\"csv\"; filename=\"kadai.csv\"\r\nContent-Type: text/csv\r\n">}
  Rendering layout layouts/application.html.erb
  Rendering csv/data.html.erb within layouts/application
  Rendered csv/data.html.erb within layouts/application (Duration: 0.0ms | Allocations: 7)
  Rendered layout layouts/application.html.erb (Duration: 4.3ms | Allocations: 1379)
Completed 200 OK in 10ms (Views: 5.8ms | ActiveRecord: 0.0ms | Allocations: 1865)


Started POST "/data" for ::1 at 2024-09-02 17:34:39 +0900
Processing by CsvController#data as TURBO_STREAM
  Parameters: {"authenticity_token"=>"[FILTERED]", "csv"=>#<ActionDispatch::Http::UploadedFile:0x00000287e4001540 @tempfile=#<Tempfile:C:/Users/zatoa/AppData/Local/Temp/RackMultipart20240902-3780-jonqjo.csv>, @content_type="text/csv", @original_filename="kadai.csv", @headers="Content-Disposition: form-data; name=\"csv\"; filename=\"kadai.csv\"\r\nContent-Type: text/csv\r\n">}
  Rendering layout layouts/application.html.erb
  Rendering csv/data.html.erb within layouts/application
  Rendered csv/data.html.erb within layouts/application (Duration: 0.0ms | Allocations: 7)
  Rendered layout layouts/application.html.erb (Duration: 5.5ms | Allocations: 1379)
Completed 200 OK in 10ms (Views: 6.8ms | ActiveRecord: 0.0ms | Allocations: 1868)


Started POST "/data" for ::1 at 2024-09-02 17:34:40 +0900
Processing by CsvController#data as TURBO_STREAM
  Parameters: {"authenticity_token"=>"[FILTERED]", "csv"=>#<ActionDispatch::Http::UploadedFile:0x00000287e4125520 @tempfile=#<Tempfile:C:/Users/zatoa/AppData/Local/Temp/RackMultipart20240902-3780-mcbgl.csv>, @content_type="text/csv", @original_filename="kadai.csv", @headers="Content-Disposition: form-data; name=\"csv\"; filename=\"kadai.csv\"\r\nContent-Type: text/csv\r\n">}
  Rendering layout layouts/application.html.erb
  Rendering csv/data.html.erb within layouts/application
  Rendered csv/data.html.erb within layouts/application (Duration: 0.0ms | Allocations: 7)
  Rendered layout layouts/application.html.erb (Duration: 11.9ms | Allocations: 1383)
Completed 200 OK in 17ms (Views: 13.3ms | ActiveRecord: 0.0ms | Allocations: 1872)


Started POST "/data" for ::1 at 2024-09-02 17:34:40 +0900
Processing by CsvController#data as TURBO_STREAM
  Parameters: {"authenticity_token"=>"[FILTERED]", "csv"=>#<ActionDispatch::Http::UploadedFile:0x00000287dfc9e230 @tempfile=#<Tempfile:C:/Users/zatoa/AppData/Local/Temp/RackMultipart20240902-3780-gs76f8.csv>, @content_type="text/csv", @original_filename="kadai.csv", @headers="Content-Disposition: form-data; name=\"csv\"; filename=\"kadai.csv\"\r\nContent-Type: text/csv\r\n">}
  Rendering layout layouts/application.html.erb
  Rendering csv/data.html.erb within layouts/application
  Rendered csv/data.html.erb within layouts/application (Duration: 0.1ms | Allocations: 7)
  Rendered layout layouts/application.html.erb (Duration: 7.8ms | Allocations: 1380)
Completed 200 OK in 14ms (Views: 8.9ms | ActiveRecord: 0.0ms | Allocations: 1887)


Started GET "/" for ::1 at 2024-09-02 17:35:19 +0900
Processing by CsvController#index as HTML
  Rendering layout layouts/application.html.erb
  Rendering csv/index.html.erb within layouts/application
  Rendered csv/index.html.erb within layouts/application (Duration: 1.0ms | Allocations: 333)
  Rendered layout layouts/application.html.erb (Duration: 9.8ms | Allocations: 1714)
Completed 200 OK in 17ms (Views: 11.4ms | ActiveRecord: 0.0ms | Allocations: 2001)


Started POST "/data" for ::1 at 2024-09-02 17:35:21 +0900
Processing by CsvController#data as TURBO_STREAM
  Parameters: {"authenticity_token"=>"[FILTERED]"}
  Rendering layout layouts/application.html.erb
  Rendering csv/data.html.erb within layouts/application
  Rendered csv/data.html.erb within layouts/application (Duration: 0.0ms | Allocations: 7)
  Rendered layout layouts/application.html.erb (Duration: 5.9ms | Allocations: 1379)
Completed 200 OK in 11ms (Views: 7.0ms | ActiveRecord: 0.0ms | Allocations: 1874)


Started POST "/data" for ::1 at 2024-09-02 17:35:22 +0900
Processing by CsvController#data as TURBO_STREAM
  Parameters: {"authenticity_token"=>"[FILTERED]"}
  Rendering layout layouts/application.html.erb
  Rendering csv/data.html.erb within layouts/application
  Rendered csv/data.html.erb within layouts/application (Duration: 0.1ms | Allocations: 7)
  Rendered layout layouts/application.html.erb (Duration: 5.4ms | Allocations: 1379)
Completed 200 OK in 13ms (Views: 6.9ms | ActiveRecord: 0.0ms | Allocations: 1871)


Started POST "/data" for ::1 at 2024-09-02 17:35:22 +0900
Processing by CsvController#data as TURBO_STREAM
  Parameters: {"authenticity_token"=>"[FILTERED]"}
  Rendering layout layouts/application.html.erb
  Rendering csv/data.html.erb within layouts/application
  Rendered csv/data.html.erb within layouts/application (Duration: 0.1ms | Allocations: 7)
  Rendered layout layouts/application.html.erb (Duration: 6.8ms | Allocations: 1379)
Completed 200 OK in 11ms (Views: 8.4ms | ActiveRecord: 0.0ms | Allocations: 1877)


Started POST "/data" for ::1 at 2024-09-02 17:35:22 +0900
Processing by CsvController#data as TURBO_STREAM
  Parameters: {"authenticity_token"=>"[FILTERED]"}
  Rendering layout layouts/application.html.erb
  Rendering csv/data.html.erb within layouts/application
  Rendered csv/data.html.erb within layouts/application (Duration: 0.0ms | Allocations: 7)
  Rendered layout layouts/application.html.erb (Duration: 4.8ms | Allocations: 1379)
Completed 200 OK in 9ms (Views: 6.1ms | ActiveRecord: 0.0ms | Allocations: 1877)


Started POST "/data" for ::1 at 2024-09-02 17:35:22 +0900
Processing by CsvController#data as TURBO_STREAM
  Parameters: {"authenticity_token"=>"[FILTERED]"}
  Rendering layout layouts/application.html.erb
  Rendering csv/data.html.erb within layouts/application
  Rendered csv/data.html.erb within layouts/application (Duration: 0.0ms | Allocations: 7)
  Rendered layout layouts/application.html.erb (Duration: 3.9ms | Allocations: 1379)
Completed 200 OK in 11ms (Views: 5.7ms | ActiveRecord: 0.0ms | Allocations: 1892)


Started POST "/data" for ::1 at 2024-09-02 17:35:23 +0900
Processing by CsvController#data as TURBO_STREAM
  Parameters: {"authenticity_token"=>"[FILTERED]"}
  Rendering layout layouts/application.html.erb
  Rendering csv/data.html.erb within layouts/application
  Rendered csv/data.html.erb within layouts/application (Duration: 0.1ms | Allocations: 7)
  Rendered layout layouts/application.html.erb (Duration: 4.8ms | Allocations: 1380)
Completed 200 OK in 10ms (Views: 6.1ms | ActiveRecord: 0.0ms | Allocations: 1878)


Started POST "/data" for ::1 at 2024-09-02 17:35:23 +0900
Processing by CsvController#data as TURBO_STREAM
  Parameters: {"authenticity_token"=>"[FILTERED]"}
  Rendering layout layouts/application.html.erb
  Rendering csv/data.html.erb within layouts/application
  Rendered csv/data.html.erb within layouts/application (Duration: 0.0ms | Allocations: 7)
  Rendered layout layouts/application.html.erb (Duration: 3.2ms | Allocations: 1379)
Completed 200 OK in 7ms (Views: 4.4ms | ActiveRecord: 0.0ms | Allocations: 1856)


Started POST "/data" for ::1 at 2024-09-02 17:35:24 +0900
Processing by CsvController#data as TURBO_STREAM
  Parameters: {"authenticity_token"=>"[FILTERED]"}
  Rendering layout layouts/application.html.erb
  Rendering csv/data.html.erb within layouts/application
  Rendered csv/data.html.erb within layouts/application (Duration: 0.0ms | Allocations: 7)
  Rendered layout layouts/application.html.erb (Duration: 7.8ms | Allocations: 1379)
Completed 200 OK in 13ms (Views: 9.1ms | ActiveRecord: 0.0ms | Allocations: 1868)


Started POST "/data" for ::1 at 2024-09-02 17:35:27 +0900
Processing by CsvController#data as TURBO_STREAM
  Parameters: {"authenticity_token"=>"[FILTERED]", "csv"=>#<ActionDispatch::Http::UploadedFile:0x00000287e2ece750 @tempfile=#<Tempfile:C:/Users/zatoa/AppData/Local/Temp/RackMultipart20240902-3780-fhynz1.csv>, @content_type="text/csv", @original_filename="kadai.csv", @headers="Content-Disposition: form-data; name=\"csv\"; filename=\"kadai.csv\"\r\nContent-Type: text/csv\r\n">}
  Rendering layout layouts/application.html.erb
  Rendering csv/data.html.erb within layouts/application
  Rendered csv/data.html.erb within layouts/application (Duration: 0.0ms | Allocations: 7)
  Rendered layout layouts/application.html.erb (Duration: 8.0ms | Allocations: 1379)
Completed 200 OK in 13ms (Views: 9.4ms | ActiveRecord: 0.0ms | Allocations: 1874)


Started POST "/data" for ::1 at 2024-09-02 17:35:27 +0900
Processing by CsvController#data as TURBO_STREAM
  Parameters: {"authenticity_token"=>"[FILTERED]", "csv"=>#<ActionDispatch::Http::UploadedFile:0x00000287e3005c68 @tempfile=#<Tempfile:C:/Users/zatoa/AppData/Local/Temp/RackMultipart20240902-3780-1m3ae5.csv>, @content_type="text/csv", @original_filename="kadai.csv", @headers="Content-Disposition: form-data; name=\"csv\"; filename=\"kadai.csv\"\r\nContent-Type: text/csv\r\n">}
  Rendering layout layouts/application.html.erb
  Rendering csv/data.html.erb within layouts/application
  Rendered csv/data.html.erb within layouts/application (Duration: 0.1ms | Allocations: 7)
  Rendered layout layouts/application.html.erb (Duration: 7.0ms | Allocations: 1379)
Completed 200 OK in 12ms (Views: 8.6ms | ActiveRecord: 0.0ms | Allocations: 1886)


Started POST "/data" for ::1 at 2024-09-02 17:35:27 +0900
Processing by CsvController#data as TURBO_STREAM
  Parameters: {"authenticity_token"=>"[FILTERED]", "csv"=>#<ActionDispatch::Http::UploadedFile:0x00000287e3024f00 @tempfile=#<Tempfile:C:/Users/zatoa/AppData/Local/Temp/RackMultipart20240902-3780-987jpn.csv>, @content_type="text/csv", @original_filename="kadai.csv", @headers="Content-Disposition: form-data; name=\"csv\"; filename=\"kadai.csv\"\r\nContent-Type: text/csv\r\n">}
  Rendering layout layouts/application.html.erb
  Rendering csv/data.html.erb within layouts/application
  Rendered csv/data.html.erb within layouts/application (Duration: 0.0ms | Allocations: 7)
  Rendered layout layouts/application.html.erb (Duration: 5.9ms | Allocations: 1379)
Completed 200 OK in 12ms (Views: 7.4ms | ActiveRecord: 0.0ms | Allocations: 1877)


Started POST "/data" for ::1 at 2024-09-02 17:35:27 +0900
Processing by CsvController#data as TURBO_STREAM
  Parameters: {"authenticity_token"=>"[FILTERED]", "csv"=>#<ActionDispatch::Http::UploadedFile:0x00000287e30ba578 @tempfile=#<Tempfile:C:/Users/zatoa/AppData/Local/Temp/RackMultipart20240902-3780-jwevpe.csv>, @content_type="text/csv", @original_filename="kadai.csv", @headers="Content-Disposition: form-data; name=\"csv\"; filename=\"kadai.csv\"\r\nContent-Type: text/csv\r\n">}
  Rendering layout layouts/application.html.erb
  Rendering csv/data.html.erb within layouts/application
  Rendered csv/data.html.erb within layouts/application (Duration: 0.0ms | Allocations: 7)
  Rendered layout layouts/application.html.erb (Duration: 7.8ms | Allocations: 1379)
Completed 200 OK in 13ms (Views: 9.2ms | ActiveRecord: 0.0ms | Allocations: 1868)


Started POST "/data" for ::1 at 2024-09-02 17:35:28 +0900
Processing by CsvController#data as TURBO_STREAM
  Parameters: {"authenticity_token"=>"[FILTERED]", "csv"=>#<ActionDispatch::Http::UploadedFile:0x00000287e3154510 @tempfile=#<Tempfile:C:/Users/zatoa/AppData/Local/Temp/RackMultipart20240902-3780-iyrqkl.csv>, @content_type="text/csv", @original_filename="kadai.csv", @headers="Content-Disposition: form-data; name=\"csv\"; filename=\"kadai.csv\"\r\nContent-Type: text/csv\r\n">}
  Rendering layout layouts/application.html.erb
  Rendering csv/data.html.erb within layouts/application
  Rendered csv/data.html.erb within layouts/application (Duration: 0.0ms | Allocations: 7)
  Rendered layout layouts/application.html.erb (Duration: 7.9ms | Allocations: 1379)
Completed 200 OK in 14ms (Views: 9.4ms | ActiveRecord: 0.0ms | Allocations: 1883)


Started POST "/data" for ::1 at 2024-09-02 17:35:28 +0900
Processing by CsvController#data as TURBO_STREAM
  Parameters: {"authenticity_token"=>"[FILTERED]", "csv"=>#<ActionDispatch::Http::UploadedFile:0x00000287e3164d20 @tempfile=#<Tempfile:C:/Users/zatoa/AppData/Local/Temp/RackMultipart20240902-3780-s1kuxy.csv>, @content_type="text/csv", @original_filename="kadai.csv", @headers="Content-Disposition: form-data; name=\"csv\"; filename=\"kadai.csv\"\r\nContent-Type: text/csv\r\n">}
  Rendering layout layouts/application.html.erb
  Rendering csv/data.html.erb within layouts/application
  Rendered csv/data.html.erb within layouts/application (Duration: 0.0ms | Allocations: 7)
  Rendered layout layouts/application.html.erb (Duration: 5.7ms | Allocations: 1379)
Completed 200 OK in 11ms (Views: 7.5ms | ActiveRecord: 0.0ms | Allocations: 1871)


Started POST "/data" for ::1 at 2024-09-02 17:35:28 +0900
Processing by CsvController#data as TURBO_STREAM
  Parameters: {"authenticity_token"=>"[FILTERED]", "csv"=>#<ActionDispatch::Http::UploadedFile:0x00000287e31fb798 @tempfile=#<Tempfile:C:/Users/zatoa/AppData/Local/Temp/RackMultipart20240902-3780-3qxflg.csv>, @content_type="text/csv", @original_filename="kadai.csv", @headers="Content-Disposition: form-data; name=\"csv\"; filename=\"kadai.csv\"\r\nContent-Type: text/csv\r\n">}
  Rendering layout layouts/application.html.erb
  Rendering csv/data.html.erb within layouts/application
  Rendered csv/data.html.erb within layouts/application (Duration: 0.0ms | Allocations: 7)
  Rendered layout layouts/application.html.erb (Duration: 5.7ms | Allocations: 1379)
Completed 200 OK in 10ms (Views: 7.1ms | ActiveRecord: 0.0ms | Allocations: 1874)


Started POST "/data" for ::1 at 2024-09-02 17:35:28 +0900
Processing by CsvController#data as TURBO_STREAM
  Parameters: {"authenticity_token"=>"[FILTERED]", "csv"=>#<ActionDispatch::Http::UploadedFile:0x00000287e32c3680 @tempfile=#<Tempfile:C:/Users/zatoa/AppData/Local/Temp/RackMultipart20240902-3780-gvo1hb.csv>, @content_type="text/csv", @original_filename="kadai.csv", @headers="Content-Disposition: form-data; name=\"csv\"; filename=\"kadai.csv\"\r\nContent-Type: text/csv\r\n">}
  Rendering layout layouts/application.html.erb
  Rendering csv/data.html.erb within layouts/application
  Rendered csv/data.html.erb within layouts/application (Duration: 0.1ms | Allocations: 7)
  Rendered layout layouts/application.html.erb (Duration: 6.0ms | Allocations: 1379)
Completed 200 OK in 10ms (Views: 7.1ms | ActiveRecord: 0.0ms | Allocations: 1889)


Started POST "/data" for ::1 at 2024-09-02 17:35:28 +0900
Processing by CsvController#data as TURBO_STREAM
  Parameters: {"authenticity_token"=>"[FILTERED]", "csv"=>#<ActionDispatch::Http::UploadedFile:0x00000287e32d3508 @tempfile=#<Tempfile:C:/Users/zatoa/AppData/Local/Temp/RackMultipart20240902-3780-r8su1a.csv>, @content_type="text/csv", @original_filename="kadai.csv", @headers="Content-Disposition: form-data; name=\"csv\"; filename=\"kadai.csv\"\r\nContent-Type: text/csv\r\n">}
  Rendering layout layouts/application.html.erb
  Rendering csv/data.html.erb within layouts/application
  Rendered csv/data.html.erb within layouts/application (Duration: 0.0ms | Allocations: 7)
  Rendered layout layouts/application.html.erb (Duration: 5.6ms | Allocations: 1379)
Completed 200 OK in 10ms (Views: 6.7ms | ActiveRecord: 0.0ms | Allocations: 1868)


Started POST "/data" for ::1 at 2024-09-02 17:35:54 +0900
Processing by CsvController#data as TURBO_STREAM
  Parameters: {"authenticity_token"=>"[FILTERED]", "csv"=>#<ActionDispatch::Http::UploadedFile:0x00000287e336d4a0 @tempfile=#<Tempfile:C:/Users/zatoa/AppData/Local/Temp/RackMultipart20240902-3780-kpemlx.csv>, @content_type="text/csv", @original_filename="kadai.csv", @headers="Content-Disposition: form-data; name=\"csv\"; filename=\"kadai.csv\"\r\nContent-Type: text/csv\r\n">}
  Rendering layout layouts/application.html.erb
  Rendering csv/data.html.erb within layouts/application
  Rendered csv/data.html.erb within layouts/application (Duration: 0.0ms | Allocations: 7)
  Rendered layout layouts/application.html.erb (Duration: 6.1ms | Allocations: 1379)
Completed 200 OK in 11ms (Views: 7.4ms | ActiveRecord: 0.0ms | Allocations: 1889)


Started POST "/data" for ::1 at 2024-09-02 17:35:54 +0900
Processing by CsvController#data as TURBO_STREAM
  Parameters: {"authenticity_token"=>"[FILTERED]", "csv"=>#<ActionDispatch::Http::UploadedFile:0x00000287e3394ac8 @tempfile=#<Tempfile:C:/Users/zatoa/AppData/Local/Temp/RackMultipart20240902-3780-4n5z59.csv>, @content_type="text/csv", @original_filename="kadai.csv", @headers="Content-Disposition: form-data; name=\"csv\"; filename=\"kadai.csv\"\r\nContent-Type: text/csv\r\n">}
  Rendering layout layouts/application.html.erb
  Rendering csv/data.html.erb within layouts/application
  Rendered csv/data.html.erb within layouts/application (Duration: 0.1ms | Allocations: 7)
  Rendered layout layouts/application.html.erb (Duration: 7.2ms | Allocations: 1379)
Completed 200 OK in 13ms (Views: 8.5ms | ActiveRecord: 0.0ms | Allocations: 1880)


Started POST "/data" for ::1 at 2024-09-02 17:35:54 +0900
Processing by CsvController#data as TURBO_STREAM
  Parameters: {"authenticity_token"=>"[FILTERED]", "csv"=>#<ActionDispatch::Http::UploadedFile:0x00000287e3410740 @tempfile=#<Tempfile:C:/Users/zatoa/AppData/Local/Temp/RackMultipart20240902-3780-5r1d7m.csv>, @content_type="text/csv", @original_filename="kadai.csv", @headers="Content-Disposition: form-data; name=\"csv\"; filename=\"kadai.csv\"\r\nContent-Type: text/csv\r\n">}
  Rendering layout layouts/application.html.erb
  Rendering csv/data.html.erb within layouts/application
  Rendered csv/data.html.erb within layouts/application (Duration: 0.0ms | Allocations: 7)
  Rendered layout layouts/application.html.erb (Duration: 3.9ms | Allocations: 1379)
Completed 200 OK in 7ms (Views: 5.0ms | ActiveRecord: 0.0ms | Allocations: 1871)


Started POST "/data" for ::1 at 2024-09-02 17:35:55 +0900
Processing by CsvController#data as TURBO_STREAM
  Parameters: {"authenticity_token"=>"[FILTERED]", "csv"=>#<ActionDispatch::Http::UploadedFile:0x00000287e34cd958 @tempfile=#<Tempfile:C:/Users/zatoa/AppData/Local/Temp/RackMultipart20240902-3780-a3adou.csv>, @content_type="text/csv", @original_filename="kadai.csv", @headers="Content-Disposition: form-data; name=\"csv\"; filename=\"kadai.csv\"\r\nContent-Type: text/csv\r\n">}
  Rendering layout layouts/application.html.erb
  Rendering csv/data.html.erb within layouts/application
  Rendered csv/data.html.erb within layouts/application (Duration: 0.1ms | Allocations: 7)
  Rendered layout layouts/application.html.erb (Duration: 8.2ms | Allocations: 1379)
Completed 200 OK in 15ms (Views: 9.8ms | ActiveRecord: 0.0ms | Allocations: 1877)


Started POST "/data" for ::1 at 2024-09-02 17:35:55 +0900
Processing by CsvController#data as TURBO_STREAM
  Parameters: {"authenticity_token"=>"[FILTERED]", "csv"=>#<ActionDispatch::Http::UploadedFile:0x00000287e34d7ea8 @tempfile=#<Tempfile:C:/Users/zatoa/AppData/Local/Temp/RackMultipart20240902-3780-bcvvsi.csv>, @content_type="text/csv", @original_filename="kadai.csv", @headers="Content-Disposition: form-data; name=\"csv\"; filename=\"kadai.csv\"\r\nContent-Type: text/csv\r\n">}
  Rendering layout layouts/application.html.erb
  Rendering csv/data.html.erb within layouts/application
  Rendered csv/data.html.erb within layouts/application (Duration: 0.0ms | Allocations: 7)
  Rendered layout layouts/application.html.erb (Duration: 5.5ms | Allocations: 1379)
Completed 200 OK in 13ms (Views: 7.2ms | ActiveRecord: 0.0ms | Allocations: 1868)


Started GET "/" for ::1 at 2024-09-02 17:36:30 +0900
Processing by CsvController#index as HTML
  Rendering layout layouts/application.html.erb
  Rendering csv/index.html.erb within layouts/application
  Rendered csv/index.html.erb within layouts/application (Duration: 0.4ms | Allocations: 316)
  Rendered layout layouts/application.html.erb (Duration: 4.1ms | Allocations: 1697)
Completed 200 OK in 10ms (Views: 5.2ms | ActiveRecord: 0.0ms | Allocations: 1984)


Started POST "/data" for ::1 at 2024-09-02 17:36:38 +0900
Processing by CsvController#data as TURBO_STREAM
  Parameters: {"authenticity_token"=>"[FILTERED]"}
  Rendering layout layouts/application.html.erb
  Rendering csv/data.html.erb within layouts/application
  Rendered csv/data.html.erb within layouts/application (Duration: 0.0ms | Allocations: 7)
  Rendered layout layouts/application.html.erb (Duration: 4.1ms | Allocations: 1379)
Completed 200 OK in 8ms (Views: 5.3ms | ActiveRecord: 0.0ms | Allocations: 1877)


Started POST "/data" for ::1 at 2024-09-02 17:36:47 +0900
Processing by CsvController#data as TURBO_STREAM
  Parameters: {"authenticity_token"=>"[FILTERED]", "csv"=>#<ActionDispatch::Http::UploadedFile:0x00000287e3d23b98 @tempfile=#<Tempfile:C:/Users/zatoa/AppData/Local/Temp/RackMultipart20240902-3780-67jmhf.csv>, @content_type="text/csv", @original_filename="kadai.csv", @headers="Content-Disposition: form-data; name=\"csv\"; filename=\"kadai.csv\"\r\nContent-Type: text/csv\r\n">}
  Rendering layout layouts/application.html.erb
  Rendering csv/data.html.erb within layouts/application
  Rendered csv/data.html.erb within layouts/application (Duration: 0.0ms | Allocations: 7)
  Rendered layout layouts/application.html.erb (Duration: 4.4ms | Allocations: 1379)
Completed 200 OK in 8ms (Views: 5.3ms | ActiveRecord: 0.0ms | Allocations: 1856)


Started GET "/" for ::1 at 2024-09-02 17:37:31 +0900
Processing by CsvController#index as HTML
  Rendering layout layouts/application.html.erb
  Rendering csv/index.html.erb within layouts/application
  Rendered csv/index.html.erb within layouts/application (Duration: 3.3ms | Allocations: 630)
  Rendered layout layouts/application.html.erb (Duration: 11.3ms | Allocations: 2389)
Completed 200 OK in 31ms (Views: 24.9ms | ActiveRecord: 0.0ms | Allocations: 3321)


Started POST "/data" for ::1 at 2024-09-02 17:37:33 +0900
Processing by CsvController#data as TURBO_STREAM
  Parameters: {"authenticity_token"=>"[FILTERED]"}
  Rendering layout layouts/application.html.erb
  Rendering csv/data.html.erb within layouts/application
  Rendered csv/data.html.erb within layouts/application (Duration: 2.1ms | Allocations: 110)
  Rendered layout layouts/application.html.erb (Duration: 8.9ms | Allocations: 1486)
Completed 200 OK in 16ms (Views: 10.2ms | ActiveRecord: 0.0ms | Allocations: 2104)


Started POST "/data" for ::1 at 2024-09-02 17:37:34 +0900
Processing by CsvController#data as TURBO_STREAM
  Parameters: {"authenticity_token"=>"[FILTERED]"}
  Rendering layout layouts/application.html.erb
  Rendering csv/data.html.erb within layouts/application
  Rendered csv/data.html.erb within layouts/application (Duration: 0.0ms | Allocations: 7)
  Rendered layout layouts/application.html.erb (Duration: 4.4ms | Allocations: 1379)
Completed 200 OK in 11ms (Views: 6.2ms | ActiveRecord: 0.0ms | Allocations: 1866)


Started POST "/data" for ::1 at 2024-09-02 17:37:34 +0900
Processing by CsvController#data as TURBO_STREAM
  Parameters: {"authenticity_token"=>"[FILTERED]"}
  Rendering layout layouts/application.html.erb
  Rendering csv/data.html.erb within layouts/application
  Rendered csv/data.html.erb within layouts/application (Duration: 0.1ms | Allocations: 7)
  Rendered layout layouts/application.html.erb (Duration: 8.7ms | Allocations: 1379)
Completed 200 OK in 15ms (Views: 10.3ms | ActiveRecord: 0.0ms | Allocations: 1874)


Started POST "/data" for ::1 at 2024-09-02 17:37:34 +0900
Processing by CsvController#data as TURBO_STREAM
  Parameters: {"authenticity_token"=>"[FILTERED]"}
  Rendering layout layouts/application.html.erb
  Rendering csv/data.html.erb within layouts/application
  Rendered csv/data.html.erb within layouts/application (Duration: 0.0ms | Allocations: 7)
  Rendered layout layouts/application.html.erb (Duration: 5.4ms | Allocations: 1379)
Completed 200 OK in 11ms (Views: 7.2ms | ActiveRecord: 0.0ms | Allocations: 1874)


Started POST "/data" for ::1 at 2024-09-02 17:37:34 +0900
Processing by CsvController#data as TURBO_STREAM
  Parameters: {"authenticity_token"=>"[FILTERED]"}
  Rendering layout layouts/application.html.erb
  Rendering csv/data.html.erb within layouts/application
  Rendered csv/data.html.erb within layouts/application (Duration: 0.1ms | Allocations: 7)
  Rendered layout layouts/application.html.erb (Duration: 15.1ms | Allocations: 1379)
Completed 200 OK in 19ms (Views: 16.1ms | ActiveRecord: 0.0ms | Allocations: 1883)


Started POST "/data" for ::1 at 2024-09-02 17:37:38 +0900
Processing by CsvController#data as TURBO_STREAM
  Parameters: {"authenticity_token"=>"[FILTERED]", "csv"=>#<ActionDispatch::Http::UploadedFile:0x00000287e1c62800 @tempfile=#<Tempfile:C:/Users/zatoa/AppData/Local/Temp/RackMultipart20240902-3780-kjga1r.csv>, @content_type="text/csv", @original_filename="kadai.csv", @headers="Content-Disposition: form-data; name=\"csv\"; filename=\"kadai.csv\"\r\nContent-Type: text/csv\r\n">}
  Rendering layout layouts/application.html.erb
  Rendering csv/data.html.erb within layouts/application
  Rendered csv/data.html.erb within layouts/application (Duration: 0.0ms | Allocations: 7)
  Rendered layout layouts/application.html.erb (Duration: 6.4ms | Allocations: 1379)
Completed 200 OK in 13ms (Views: 8.0ms | ActiveRecord: 0.0ms | Allocations: 1880)


Started POST "/data" for ::1 at 2024-09-02 17:37:38 +0900
Processing by CsvController#data as TURBO_STREAM
  Parameters: {"authenticity_token"=>"[FILTERED]", "csv"=>#<ActionDispatch::Http::UploadedFile:0x00000287e1ee1b80 @tempfile=#<Tempfile:C:/Users/zatoa/AppData/Local/Temp/RackMultipart20240902-3780-2xzvlz.csv>, @content_type="text/csv", @original_filename="kadai.csv", @headers="Content-Disposition: form-data; name=\"csv\"; filename=\"kadai.csv\"\r\nContent-Type: text/csv\r\n">}
  Rendering layout layouts/application.html.erb
  Rendering csv/data.html.erb within layouts/application
  Rendered csv/data.html.erb within layouts/application (Duration: 0.0ms | Allocations: 7)
  Rendered layout layouts/application.html.erb (Duration: 5.3ms | Allocations: 1379)
Completed 200 OK in 11ms (Views: 6.7ms | ActiveRecord: 0.0ms | Allocations: 1889)


Started POST "/data" for ::1 at 2024-09-02 17:37:38 +0900
Processing by CsvController#data as TURBO_STREAM
  Parameters: {"authenticity_token"=>"[FILTERED]", "csv"=>#<ActionDispatch::Http::UploadedFile:0x00000287e1d9ab78 @tempfile=#<Tempfile:C:/Users/zatoa/AppData/Local/Temp/RackMultipart20240902-3780-uww4qx.csv>, @content_type="text/csv", @original_filename="kadai.csv", @headers="Content-Disposition: form-data; name=\"csv\"; filename=\"kadai.csv\"\r\nContent-Type: text/csv\r\n">}
  Rendering layout layouts/application.html.erb
  Rendering csv/data.html.erb within layouts/application
  Rendered csv/data.html.erb within layouts/application (Duration: 0.1ms | Allocations: 7)
  Rendered layout layouts/application.html.erb (Duration: 8.0ms | Allocations: 1379)
Completed 200 OK in 14ms (Views: 9.6ms | ActiveRecord: 0.0ms | Allocations: 1868)


Started POST "/data" for ::1 at 2024-09-02 17:37:38 +0900
Processing by CsvController#data as TURBO_STREAM
  Parameters: {"authenticity_token"=>"[FILTERED]", "csv"=>#<ActionDispatch::Http::UploadedFile:0x00000287e2ee94b0 @tempfile=#<Tempfile:C:/Users/zatoa/AppData/Local/Temp/RackMultipart20240902-3780-26djzv.csv>, @content_type="text/csv", @original_filename="kadai.csv", @headers="Content-Disposition: form-data; name=\"csv\"; filename=\"kadai.csv\"\r\nContent-Type: text/csv\r\n">}
  Rendering layout layouts/application.html.erb
  Rendering csv/data.html.erb within layouts/application
  Rendered csv/data.html.erb within layouts/application (Duration: 0.0ms | Allocations: 7)
  Rendered layout layouts/application.html.erb (Duration: 5.8ms | Allocations: 1379)
Completed 200 OK in 11ms (Views: 7.3ms | ActiveRecord: 0.0ms | Allocations: 1874)


Started POST "/data" for ::1 at 2024-09-02 17:37:39 +0900
Processing by CsvController#data as TURBO_STREAM
  Parameters: {"authenticity_token"=>"[FILTERED]", "csv"=>#<ActionDispatch::Http::UploadedFile:0x00000287e2f213b0 @tempfile=#<Tempfile:C:/Users/zatoa/AppData/Local/Temp/RackMultipart20240902-3780-zq692w.csv>, @content_type="text/csv", @original_filename="kadai.csv", @headers="Content-Disposition: form-data; name=\"csv\"; filename=\"kadai.csv\"\r\nContent-Type: text/csv\r\n">}
  Rendering layout layouts/application.html.erb
  Rendering csv/data.html.erb within layouts/application
  Rendered csv/data.html.erb within layouts/application (Duration: 0.0ms | Allocations: 7)
  Rendered layout layouts/application.html.erb (Duration: 5.4ms | Allocations: 1379)
Completed 200 OK in 10ms (Views: 7.0ms | ActiveRecord: 0.0ms | Allocations: 1865)


Started POST "/data" for ::1 at 2024-09-02 17:37:39 +0900
Processing by CsvController#data as TURBO_STREAM
  Parameters: {"authenticity_token"=>"[FILTERED]", "csv"=>#<ActionDispatch::Http::UploadedFile:0x00000287e2f4cda8 @tempfile=#<Tempfile:C:/Users/zatoa/AppData/Local/Temp/RackMultipart20240902-3780-sr7nq4.csv>, @content_type="text/csv", @original_filename="kadai.csv", @headers="Content-Disposition: form-data; name=\"csv\"; filename=\"kadai.csv\"\r\nContent-Type: text/csv\r\n">}
  Rendering layout layouts/application.html.erb
  Rendering csv/data.html.erb within layouts/application
  Rendered csv/data.html.erb within layouts/application (Duration: 0.1ms | Allocations: 7)
  Rendered layout layouts/application.html.erb (Duration: 9.3ms | Allocations: 1379)
Completed 200 OK in 15ms (Views: 10.8ms | ActiveRecord: 0.0ms | Allocations: 1877)


Started POST "/data" for ::1 at 2024-09-02 17:37:39 +0900
Processing by CsvController#data as TURBO_STREAM
  Parameters: {"authenticity_token"=>"[FILTERED]", "csv"=>#<ActionDispatch::Http::UploadedFile:0x00000287e2f64408 @tempfile=#<Tempfile:C:/Users/zatoa/AppData/Local/Temp/RackMultipart20240902-3780-ucmh6j.csv>, @content_type="text/csv", @original_filename="kadai.csv", @headers="Content-Disposition: form-data; name=\"csv\"; filename=\"kadai.csv\"\r\nContent-Type: text/csv\r\n">}
  Rendering layout layouts/application.html.erb
  Rendering csv/data.html.erb within layouts/application
  Rendered csv/data.html.erb within layouts/application (Duration: 0.1ms | Allocations: 7)
  Rendered layout layouts/application.html.erb (Duration: 8.1ms | Allocations: 1379)
Completed 200 OK in 13ms (Views: 9.3ms | ActiveRecord: 0.0ms | Allocations: 1883)


Started POST "/data" for ::1 at 2024-09-02 17:37:39 +0900
Processing by CsvController#data as TURBO_STREAM
  Parameters: {"authenticity_token"=>"[FILTERED]", "csv"=>#<ActionDispatch::Http::UploadedFile:0x00000287e22ea290 @tempfile=#<Tempfile:C:/Users/zatoa/AppData/Local/Temp/RackMultipart20240902-3780-47jlab.csv>, @content_type="text/csv", @original_filename="kadai.csv", @headers="Content-Disposition: form-data; name=\"csv\"; filename=\"kadai.csv\"\r\nContent-Type: text/csv\r\n">}
  Rendering layout layouts/application.html.erb
  Rendering csv/data.html.erb within layouts/application
  Rendered csv/data.html.erb within layouts/application (Duration: 0.0ms | Allocations: 7)
  Rendered layout layouts/application.html.erb (Duration: 5.7ms | Allocations: 1379)
Completed 200 OK in 12ms (Views: 7.2ms | ActiveRecord: 0.0ms | Allocations: 1868)


Started POST "/data" for ::1 at 2024-09-02 17:37:43 +0900
Processing by CsvController#data as TURBO_STREAM
  Parameters: {"authenticity_token"=>"[FILTERED]", "csv"=>#<ActionDispatch::Http::UploadedFile:0x00000287e30ca478 @tempfile=#<Tempfile:C:/Users/zatoa/AppData/Local/Temp/RackMultipart20240902-3780-ozb2pv.csv>, @content_type="text/csv", @original_filename="kadai.csv", @headers="Content-Disposition: form-data; name=\"csv\"; filename=\"kadai.csv\"\r\nContent-Type: text/csv\r\n">}
  Rendering layout layouts/application.html.erb
  Rendering csv/data.html.erb within layouts/application
  Rendered csv/data.html.erb within layouts/application (Duration: 0.0ms | Allocations: 7)
  Rendered layout layouts/application.html.erb (Duration: 7.0ms | Allocations: 1379)
Completed 200 OK in 12ms (Views: 8.6ms | ActiveRecord: 0.0ms | Allocations: 1880)


Started POST "/data" for ::1 at 2024-09-02 17:37:43 +0900
Processing by CsvController#data as TURBO_STREAM
  Parameters: {"authenticity_token"=>"[FILTERED]", "csv"=>#<ActionDispatch::Http::UploadedFile:0x00000287e30ef8b8 @tempfile=#<Tempfile:C:/Users/zatoa/AppData/Local/Temp/RackMultipart20240902-3780-o7q8x8.csv>, @content_type="text/csv", @original_filename="kadai.csv", @headers="Content-Disposition: form-data; name=\"csv\"; filename=\"kadai.csv\"\r\nContent-Type: text/csv\r\n">}
  Rendering layout layouts/application.html.erb
  Rendering csv/data.html.erb within layouts/application
  Rendered csv/data.html.erb within layouts/application (Duration: 0.1ms | Allocations: 7)
  Rendered layout layouts/application.html.erb (Duration: 6.6ms | Allocations: 1379)
Completed 200 OK in 13ms (Views: 8.3ms | ActiveRecord: 0.0ms | Allocations: 1874)


Started POST "/data" for ::1 at 2024-09-02 17:37:43 +0900
Processing by CsvController#data as TURBO_STREAM
  Parameters: {"authenticity_token"=>"[FILTERED]", "csv"=>#<ActionDispatch::Http::UploadedFile:0x00000287e316f1f8 @tempfile=#<Tempfile:C:/Users/zatoa/AppData/Local/Temp/RackMultipart20240902-3780-v1f2p7.csv>, @content_type="text/csv", @original_filename="kadai.csv", @headers="Content-Disposition: form-data; name=\"csv\"; filename=\"kadai.csv\"\r\nContent-Type: text/csv\r\n">}
  Rendering layout layouts/application.html.erb
  Rendering csv/data.html.erb within layouts/application
  Rendered csv/data.html.erb within layouts/application (Duration: 0.1ms | Allocations: 7)
  Rendered layout layouts/application.html.erb (Duration: 8.0ms | Allocations: 1379)
Completed 200 OK in 13ms (Views: 9.3ms | ActiveRecord: 0.0ms | Allocations: 1862)


Started GET "/" for ::1 at 2024-09-02 17:40:36 +0900
Processing by CsvController#index as HTML
  Rendering layout layouts/application.html.erb
  Rendering csv/index.html.erb within layouts/application
  Rendered csv/index.html.erb within layouts/application (Duration: 2.8ms | Allocations: 646)
  Rendered layout layouts/application.html.erb (Duration: 31.9ms | Allocations: 16634)
Completed 200 OK in 56ms (Views: 42.9ms | ActiveRecord: 0.0ms | Allocations: 18244)


Started POST "/data" for ::1 at 2024-09-02 17:40:38 +0900
  
AbstractController::ActionNotFound (The action 'data' could not be found for CsvController):
  
actionpack (7.0.8.4) lib/abstract_controller/base.rb:146:in `process'
actionview (7.0.8.4) lib/action_view/rendering.rb:39:in `process'
actionpack (7.0.8.4) lib/action_controller/metal.rb:188:in `dispatch'
actionpack (7.0.8.4) lib/action_controller/metal.rb:251:in `dispatch'
actionpack (7.0.8.4) lib/action_dispatch/routing/route_set.rb:49:in `dispatch'
actionpack (7.0.8.4) lib/action_dispatch/routing/route_set.rb:32:in `serve'
actionpack (7.0.8.4) lib/action_dispatch/journey/router.rb:50:in `block in serve'
actionpack (7.0.8.4) lib/action_dispatch/journey/router.rb:32:in `each'
actionpack (7.0.8.4) lib/action_dispatch/journey/router.rb:32:in `serve'
actionpack (7.0.8.4) lib/action_dispatch/routing/route_set.rb:852:in `call'
rack (2.2.9) lib/rack/tempfile_reaper.rb:15:in `call'
rack (2.2.9) lib/rack/etag.rb:27:in `call'
rack (2.2.9) lib/rack/conditional_get.rb:40:in `call'
rack (2.2.9) lib/rack/head.rb:12:in `call'
actionpack (7.0.8.4) lib/action_dispatch/http/permissions_policy.rb:38:in `call'
actionpack (7.0.8.4) lib/action_dispatch/http/content_security_policy.rb:36:in `call'
rack (2.2.9) lib/rack/session/abstract/id.rb:266:in `context'
rack (2.2.9) lib/rack/session/abstract/id.rb:260:in `call'
actionpack (7.0.8.4) lib/action_dispatch/middleware/cookies.rb:704:in `call'
activerecord (7.0.8.4) lib/active_record/migration.rb:638:in `call'
actionpack (7.0.8.4) lib/action_dispatch/middleware/callbacks.rb:27:in `block in call'
activesupport (7.0.8.4) lib/active_support/callbacks.rb:99:in `run_callbacks'
actionpack (7.0.8.4) lib/action_dispatch/middleware/callbacks.rb:26:in `call'
actionpack (7.0.8.4) lib/action_dispatch/middleware/executor.rb:14:in `call'
actionpack (7.0.8.4) lib/action_dispatch/middleware/actionable_exceptions.rb:17:in `call'
actionpack (7.0.8.4) lib/action_dispatch/middleware/debug_exceptions.rb:28:in `call'
web-console (4.2.1) lib/web_console/middleware.rb:132:in `call_app'
web-console (4.2.1) lib/web_console/middleware.rb:28:in `block in call'
web-console (4.2.1) lib/web_console/middleware.rb:17:in `catch'
web-console (4.2.1) lib/web_console/middleware.rb:17:in `call'
actionpack (7.0.8.4) lib/action_dispatch/middleware/show_exceptions.rb:29:in `call'
railties (7.0.8.4) lib/rails/rack/logger.rb:40:in `call_app'
railties (7.0.8.4) lib/rails/rack/logger.rb:25:in `block in call'
activesupport (7.0.8.4) lib/active_support/tagged_logging.rb:99:in `block in tagged'
activesupport (7.0.8.4) lib/active_support/tagged_logging.rb:37:in `tagged'
activesupport (7.0.8.4) lib/active_support/tagged_logging.rb:99:in `tagged'
railties (7.0.8.4) lib/rails/rack/logger.rb:25:in `call'
sprockets-rails (3.5.2) lib/sprockets/rails/quiet_assets.rb:17:in `call'
actionpack (7.0.8.4) lib/action_dispatch/middleware/remote_ip.rb:93:in `call'
actionpack (7.0.8.4) lib/action_dispatch/middleware/request_id.rb:26:in `call'
rack (2.2.9) lib/rack/method_override.rb:24:in `call'
rack (2.2.9) lib/rack/runtime.rb:22:in `call'
activesupport (7.0.8.4) lib/active_support/cache/strategy/local_cache_middleware.rb:29:in `call'
actionpack (7.0.8.4) lib/action_dispatch/middleware/server_timing.rb:61:in `block in call'
actionpack (7.0.8.4) lib/action_dispatch/middleware/server_timing.rb:26:in `collect_events'
actionpack (7.0.8.4) lib/action_dispatch/middleware/server_timing.rb:60:in `call'
actionpack (7.0.8.4) lib/action_dispatch/middleware/executor.rb:14:in `call'
actionpack (7.0.8.4) lib/action_dispatch/middleware/static.rb:23:in `call'
rack (2.2.9) lib/rack/sendfile.rb:110:in `call'
actionpack (7.0.8.4) lib/action_dispatch/middleware/host_authorization.rb:138:in `call'
railties (7.0.8.4) lib/rails/engine.rb:530:in `call'
puma (5.6.8) lib/puma/configuration.rb:252:in `call'
puma (5.6.8) lib/puma/request.rb:77:in `block in handle_request'
puma (5.6.8) lib/puma/thread_pool.rb:340:in `with_force_shutdown'
puma (5.6.8) lib/puma/request.rb:76:in `handle_request'
puma (5.6.8) lib/puma/server.rb:443:in `process_client'
puma (5.6.8) lib/puma/thread_pool.rb:147:in `block in spawn_thread'
Started GET "/" for ::1 at 2024-09-02 17:40:39 +0900
Processing by CsvController#index as HTML
  Rendering layout layouts/application.html.erb
  Rendering csv/index.html.erb within layouts/application
  Rendered csv/index.html.erb within layouts/application (Duration: 0.5ms | Allocations: 398)
  Rendered layout layouts/application.html.erb (Duration: 9.3ms | Allocations: 1901)
Completed 200 OK in 13ms (Views: 10.8ms | ActiveRecord: 0.0ms | Allocations: 2227)


Started POST "/data" for ::1 at 2024-09-02 17:40:39 +0900
  
AbstractController::ActionNotFound (The action 'data' could not be found for CsvController):
  
actionpack (7.0.8.4) lib/abstract_controller/base.rb:146:in `process'
actionview (7.0.8.4) lib/action_view/rendering.rb:39:in `process'
actionpack (7.0.8.4) lib/action_controller/metal.rb:188:in `dispatch'
actionpack (7.0.8.4) lib/action_controller/metal.rb:251:in `dispatch'
actionpack (7.0.8.4) lib/action_dispatch/routing/route_set.rb:49:in `dispatch'
actionpack (7.0.8.4) lib/action_dispatch/routing/route_set.rb:32:in `serve'
actionpack (7.0.8.4) lib/action_dispatch/journey/router.rb:50:in `block in serve'
actionpack (7.0.8.4) lib/action_dispatch/journey/router.rb:32:in `each'
actionpack (7.0.8.4) lib/action_dispatch/journey/router.rb:32:in `serve'
actionpack (7.0.8.4) lib/action_dispatch/routing/route_set.rb:852:in `call'
rack (2.2.9) lib/rack/tempfile_reaper.rb:15:in `call'
rack (2.2.9) lib/rack/etag.rb:27:in `call'
rack (2.2.9) lib/rack/conditional_get.rb:40:in `call'
rack (2.2.9) lib/rack/head.rb:12:in `call'
actionpack (7.0.8.4) lib/action_dispatch/http/permissions_policy.rb:38:in `call'
actionpack (7.0.8.4) lib/action_dispatch/http/content_security_policy.rb:36:in `call'
rack (2.2.9) lib/rack/session/abstract/id.rb:266:in `context'
rack (2.2.9) lib/rack/session/abstract/id.rb:260:in `call'
actionpack (7.0.8.4) lib/action_dispatch/middleware/cookies.rb:704:in `call'
activerecord (7.0.8.4) lib/active_record/migration.rb:638:in `call'
actionpack (7.0.8.4) lib/action_dispatch/middleware/callbacks.rb:27:in `block in call'
activesupport (7.0.8.4) lib/active_support/callbacks.rb:99:in `run_callbacks'
actionpack (7.0.8.4) lib/action_dispatch/middleware/callbacks.rb:26:in `call'
actionpack (7.0.8.4) lib/action_dispatch/middleware/executor.rb:14:in `call'
actionpack (7.0.8.4) lib/action_dispatch/middleware/actionable_exceptions.rb:17:in `call'
actionpack (7.0.8.4) lib/action_dispatch/middleware/debug_exceptions.rb:28:in `call'
web-console (4.2.1) lib/web_console/middleware.rb:132:in `call_app'
web-console (4.2.1) lib/web_console/middleware.rb:28:in `block in call'
web-console (4.2.1) lib/web_console/middleware.rb:17:in `catch'
web-console (4.2.1) lib/web_console/middleware.rb:17:in `call'
actionpack (7.0.8.4) lib/action_dispatch/middleware/show_exceptions.rb:29:in `call'
railties (7.0.8.4) lib/rails/rack/logger.rb:40:in `call_app'
railties (7.0.8.4) lib/rails/rack/logger.rb:25:in `block in call'
activesupport (7.0.8.4) lib/active_support/tagged_logging.rb:99:in `block in tagged'
activesupport (7.0.8.4) lib/active_support/tagged_logging.rb:37:in `tagged'
activesupport (7.0.8.4) lib/active_support/tagged_logging.rb:99:in `tagged'
railties (7.0.8.4) lib/rails/rack/logger.rb:25:in `call'
sprockets-rails (3.5.2) lib/sprockets/rails/quiet_assets.rb:17:in `call'
actionpack (7.0.8.4) lib/action_dispatch/middleware/remote_ip.rb:93:in `call'
actionpack (7.0.8.4) lib/action_dispatch/middleware/request_id.rb:26:in `call'
rack (2.2.9) lib/rack/method_override.rb:24:in `call'
rack (2.2.9) lib/rack/runtime.rb:22:in `call'
activesupport (7.0.8.4) lib/active_support/cache/strategy/local_cache_middleware.rb:29:in `call'
actionpack (7.0.8.4) lib/action_dispatch/middleware/server_timing.rb:61:in `block in call'
actionpack (7.0.8.4) lib/action_dispatch/middleware/server_timing.rb:26:in `collect_events'
actionpack (7.0.8.4) lib/action_dispatch/middleware/server_timing.rb:60:in `call'
actionpack (7.0.8.4) lib/action_dispatch/middleware/executor.rb:14:in `call'
actionpack (7.0.8.4) lib/action_dispatch/middleware/static.rb:23:in `call'
rack (2.2.9) lib/rack/sendfile.rb:110:in `call'
actionpack (7.0.8.4) lib/action_dispatch/middleware/host_authorization.rb:138:in `call'
railties (7.0.8.4) lib/rails/engine.rb:530:in `call'
puma (5.6.8) lib/puma/configuration.rb:252:in `call'
puma (5.6.8) lib/puma/request.rb:77:in `block in handle_request'
puma (5.6.8) lib/puma/thread_pool.rb:340:in `with_force_shutdown'
puma (5.6.8) lib/puma/request.rb:76:in `handle_request'
puma (5.6.8) lib/puma/server.rb:443:in `process_client'
puma (5.6.8) lib/puma/thread_pool.rb:147:in `block in spawn_thread'
Started POST "/data" for ::1 at 2024-09-02 17:40:39 +0900
Started GET "/" for ::1 at 2024-09-02 17:40:39 +0900
  
AbstractController::ActionNotFound (The action 'data' could not be found for CsvController):
  
actionpack (7.0.8.4) lib/abstract_controller/base.rb:146:in `process'
actionview (7.0.8.4) lib/action_view/rendering.rb:39:in `process'
actionpack (7.0.8.4) lib/action_controller/metal.rb:188:in `dispatch'
actionpack (7.0.8.4) lib/action_controller/metal.rb:251:in `dispatch'
actionpack (7.0.8.4) lib/action_dispatch/routing/route_set.rb:49:in `dispatch'
actionpack (7.0.8.4) lib/action_dispatch/routing/route_set.rb:32:in `serve'
actionpack (7.0.8.4) lib/action_dispatch/journey/router.rb:50:in `block in serve'
actionpack (7.0.8.4) lib/action_dispatch/journey/router.rb:32:in `each'
actionpack (7.0.8.4) lib/action_dispatch/journey/router.rb:32:in `serve'
actionpack (7.0.8.4) lib/action_dispatch/routing/route_set.rb:852:in `call'
rack (2.2.9) lib/rack/tempfile_reaper.rb:15:in `call'
rack (2.2.9) lib/rack/etag.rb:27:in `call'
rack (2.2.9) lib/rack/conditional_get.rb:40:in `call'
rack (2.2.9) lib/rack/head.rb:12:in `call'
actionpack (7.0.8.4) lib/action_dispatch/http/permissions_policy.rb:38:in `call'
actionpack (7.0.8.4) lib/action_dispatch/http/content_security_policy.rb:36:in `call'
rack (2.2.9) lib/rack/session/abstract/id.rb:266:in `context'
rack (2.2.9) lib/rack/session/abstract/id.rb:260:in `call'
actionpack (7.0.8.4) lib/action_dispatch/middleware/cookies.rb:704:in `call'
activerecord (7.0.8.4) lib/active_record/migration.rb:638:in `call'
actionpack (7.0.8.4) lib/action_dispatch/middleware/callbacks.rb:27:in `block in call'
activesupport (7.0.8.4) lib/active_support/callbacks.rb:99:in `run_callbacks'
actionpack (7.0.8.4) lib/action_dispatch/middleware/callbacks.rb:26:in `call'
actionpack (7.0.8.4) lib/action_dispatch/middleware/executor.rb:14:in `call'
actionpack (7.0.8.4) lib/action_dispatch/middleware/actionable_exceptions.rb:17:in `call'
actionpack (7.0.8.4) lib/action_dispatch/middleware/debug_exceptions.rb:28:in `call'
web-console (4.2.1) lib/web_console/middleware.rb:132:in `call_app'
web-console (4.2.1) lib/web_console/middleware.rb:28:in `block in call'
web-console (4.2.1) lib/web_console/middleware.rb:17:in `catch'
web-console (4.2.1) lib/web_console/middleware.rb:17:in `call'
actionpack (7.0.8.4) lib/action_dispatch/middleware/show_exceptions.rb:29:in `call'
railties (7.0.8.4) lib/rails/rack/logger.rb:40:in `call_app'
railties (7.0.8.4) lib/rails/rack/logger.rb:25:in `block in call'
activesupport (7.0.8.4) lib/active_support/tagged_logging.rb:99:in `block in tagged'
activesupport (7.0.8.4) lib/active_support/tagged_logging.rb:37:in `tagged'
activesupport (7.0.8.4) lib/active_support/tagged_logging.rb:99:in `tagged'
railties (7.0.8.4) lib/rails/rack/logger.rb:25:in `call'
sprockets-rails (3.5.2) lib/sprockets/rails/quiet_assets.rb:17:in `call'
actionpack (7.0.8.4) lib/action_dispatch/middleware/remote_ip.rb:93:in `call'
actionpack (7.0.8.4) lib/action_dispatch/middleware/request_id.rb:26:in `call'
rack (2.2.9) lib/rack/method_override.rb:24:in `call'
rack (2.2.9) lib/rack/runtime.rb:22:in `call'
activesupport (7.0.8.4) lib/active_support/cache/strategy/local_cache_middleware.rb:29:in `call'
actionpack (7.0.8.4) lib/action_dispatch/middleware/server_timing.rb:61:in `block in call'
actionpack (7.0.8.4) lib/action_dispatch/middleware/server_timing.rb:26:in `collect_events'
actionpack (7.0.8.4) lib/action_dispatch/middleware/server_timing.rb:60:in `call'
actionpack (7.0.8.4) lib/action_dispatch/middleware/executor.rb:14:in `call'
actionpack (7.0.8.4) lib/action_dispatch/middleware/static.rb:23:in `call'
rack (2.2.9) lib/rack/sendfile.rb:110:in `call'
actionpack (7.0.8.4) lib/action_dispatch/middleware/host_authorization.rb:138:in `call'
railties (7.0.8.4) lib/rails/engine.rb:530:in `call'
puma (5.6.8) lib/puma/configuration.rb:252:in `call'
puma (5.6.8) lib/puma/request.rb:77:in `block in handle_request'
puma (5.6.8) lib/puma/thread_pool.rb:340:in `with_force_shutdown'
puma (5.6.8) lib/puma/request.rb:76:in `handle_request'
puma (5.6.8) lib/puma/server.rb:443:in `process_client'
puma (5.6.8) lib/puma/thread_pool.rb:147:in `block in spawn_thread'
Processing by CsvController#index as HTML
  Rendering layout layouts/application.html.erb
  Rendering csv/index.html.erb within layouts/application
  Rendered csv/index.html.erb within layouts/application (Duration: 1.1ms | Allocations: 334)
  Rendered layout layouts/application.html.erb (Duration: 7.4ms | Allocations: 2662)
Completed 200 OK in 12ms (Views: 8.6ms | ActiveRecord: 0.0ms | Allocations: 3622)


Started POST "/data" for ::1 at 2024-09-02 17:40:40 +0900
  
AbstractController::ActionNotFound (The action 'data' could not be found for CsvController):
  
actionpack (7.0.8.4) lib/abstract_controller/base.rb:146:in `process'
actionview (7.0.8.4) lib/action_view/rendering.rb:39:in `process'
actionpack (7.0.8.4) lib/action_controller/metal.rb:188:in `dispatch'
actionpack (7.0.8.4) lib/action_controller/metal.rb:251:in `dispatch'
actionpack (7.0.8.4) lib/action_dispatch/routing/route_set.rb:49:in `dispatch'
actionpack (7.0.8.4) lib/action_dispatch/routing/route_set.rb:32:in `serve'
actionpack (7.0.8.4) lib/action_dispatch/journey/router.rb:50:in `block in serve'
actionpack (7.0.8.4) lib/action_dispatch/journey/router.rb:32:in `each'
actionpack (7.0.8.4) lib/action_dispatch/journey/router.rb:32:in `serve'
actionpack (7.0.8.4) lib/action_dispatch/routing/route_set.rb:852:in `call'
rack (2.2.9) lib/rack/tempfile_reaper.rb:15:in `call'
rack (2.2.9) lib/rack/etag.rb:27:in `call'
rack (2.2.9) lib/rack/conditional_get.rb:40:in `call'
rack (2.2.9) lib/rack/head.rb:12:in `call'
actionpack (7.0.8.4) lib/action_dispatch/http/permissions_policy.rb:38:in `call'
actionpack (7.0.8.4) lib/action_dispatch/http/content_security_policy.rb:36:in `call'
rack (2.2.9) lib/rack/session/abstract/id.rb:266:in `context'
rack (2.2.9) lib/rack/session/abstract/id.rb:260:in `call'
actionpack (7.0.8.4) lib/action_dispatch/middleware/cookies.rb:704:in `call'
activerecord (7.0.8.4) lib/active_record/migration.rb:638:in `call'
actionpack (7.0.8.4) lib/action_dispatch/middleware/callbacks.rb:27:in `block in call'
activesupport (7.0.8.4) lib/active_support/callbacks.rb:99:in `run_callbacks'
actionpack (7.0.8.4) lib/action_dispatch/middleware/callbacks.rb:26:in `call'
actionpack (7.0.8.4) lib/action_dispatch/middleware/executor.rb:14:in `call'
actionpack (7.0.8.4) lib/action_dispatch/middleware/actionable_exceptions.rb:17:in `call'
actionpack (7.0.8.4) lib/action_dispatch/middleware/debug_exceptions.rb:28:in `call'
web-console (4.2.1) lib/web_console/middleware.rb:132:in `call_app'
web-console (4.2.1) lib/web_console/middleware.rb:28:in `block in call'
web-console (4.2.1) lib/web_console/middleware.rb:17:in `catch'
web-console (4.2.1) lib/web_console/middleware.rb:17:in `call'
actionpack (7.0.8.4) lib/action_dispatch/middleware/show_exceptions.rb:29:in `call'
railties (7.0.8.4) lib/rails/rack/logger.rb:40:in `call_app'
railties (7.0.8.4) lib/rails/rack/logger.rb:25:in `block in call'
activesupport (7.0.8.4) lib/active_support/tagged_logging.rb:99:in `block in tagged'
activesupport (7.0.8.4) lib/active_support/tagged_logging.rb:37:in `tagged'
activesupport (7.0.8.4) lib/active_support/tagged_logging.rb:99:in `tagged'
railties (7.0.8.4) lib/rails/rack/logger.rb:25:in `call'
sprockets-rails (3.5.2) lib/sprockets/rails/quiet_assets.rb:17:in `call'
actionpack (7.0.8.4) lib/action_dispatch/middleware/remote_ip.rb:93:in `call'
actionpack (7.0.8.4) lib/action_dispatch/middleware/request_id.rb:26:in `call'
rack (2.2.9) lib/rack/method_override.rb:24:in `call'
rack (2.2.9) lib/rack/runtime.rb:22:in `call'
activesupport (7.0.8.4) lib/active_support/cache/strategy/local_cache_middleware.rb:29:in `call'
actionpack (7.0.8.4) lib/action_dispatch/middleware/server_timing.rb:61:in `block in call'
actionpack (7.0.8.4) lib/action_dispatch/middleware/server_timing.rb:26:in `collect_events'
actionpack (7.0.8.4) lib/action_dispatch/middleware/server_timing.rb:60:in `call'
actionpack (7.0.8.4) lib/action_dispatch/middleware/executor.rb:14:in `call'
actionpack (7.0.8.4) lib/action_dispatch/middleware/static.rb:23:in `call'
rack (2.2.9) lib/rack/sendfile.rb:110:in `call'
actionpack (7.0.8.4) lib/action_dispatch/middleware/host_authorization.rb:138:in `call'
railties (7.0.8.4) lib/rails/engine.rb:530:in `call'
puma (5.6.8) lib/puma/configuration.rb:252:in `call'
puma (5.6.8) lib/puma/request.rb:77:in `block in handle_request'
puma (5.6.8) lib/puma/thread_pool.rb:340:in `with_force_shutdown'
puma (5.6.8) lib/puma/request.rb:76:in `handle_request'
puma (5.6.8) lib/puma/server.rb:443:in `process_client'
puma (5.6.8) lib/puma/thread_pool.rb:147:in `block in spawn_thread'
Started GET "/" for ::1 at 2024-09-02 17:40:40 +0900
Processing by CsvController#index as HTML
  Rendering layout layouts/application.html.erb
  Rendering csv/index.html.erb within layouts/application
  Rendered csv/index.html.erb within layouts/application (Duration: 0.6ms | Allocations: 322)
  Rendered layout layouts/application.html.erb (Duration: 4.2ms | Allocations: 1710)
Completed 200 OK in 8ms (Views: 5.1ms | ActiveRecord: 0.0ms | Allocations: 1998)


Started POST "/data" for ::1 at 2024-09-02 17:40:41 +0900
  
AbstractController::ActionNotFound (The action 'data' could not be found for CsvController):
  
actionpack (7.0.8.4) lib/abstract_controller/base.rb:146:in `process'
actionview (7.0.8.4) lib/action_view/rendering.rb:39:in `process'
actionpack (7.0.8.4) lib/action_controller/metal.rb:188:in `dispatch'
actionpack (7.0.8.4) lib/action_controller/metal.rb:251:in `dispatch'
actionpack (7.0.8.4) lib/action_dispatch/routing/route_set.rb:49:in `dispatch'
actionpack (7.0.8.4) lib/action_dispatch/routing/route_set.rb:32:in `serve'
actionpack (7.0.8.4) lib/action_dispatch/journey/router.rb:50:in `block in serve'
actionpack (7.0.8.4) lib/action_dispatch/journey/router.rb:32:in `each'
actionpack (7.0.8.4) lib/action_dispatch/journey/router.rb:32:in `serve'
actionpack (7.0.8.4) lib/action_dispatch/routing/route_set.rb:852:in `call'
rack (2.2.9) lib/rack/tempfile_reaper.rb:15:in `call'
rack (2.2.9) lib/rack/etag.rb:27:in `call'
rack (2.2.9) lib/rack/conditional_get.rb:40:in `call'
rack (2.2.9) lib/rack/head.rb:12:in `call'
actionpack (7.0.8.4) lib/action_dispatch/http/permissions_policy.rb:38:in `call'
actionpack (7.0.8.4) lib/action_dispatch/http/content_security_policy.rb:36:in `call'
rack (2.2.9) lib/rack/session/abstract/id.rb:266:in `context'
rack (2.2.9) lib/rack/session/abstract/id.rb:260:in `call'
actionpack (7.0.8.4) lib/action_dispatch/middleware/cookies.rb:704:in `call'
activerecord (7.0.8.4) lib/active_record/migration.rb:638:in `call'
actionpack (7.0.8.4) lib/action_dispatch/middleware/callbacks.rb:27:in `block in call'
activesupport (7.0.8.4) lib/active_support/callbacks.rb:99:in `run_callbacks'
actionpack (7.0.8.4) lib/action_dispatch/middleware/callbacks.rb:26:in `call'
actionpack (7.0.8.4) lib/action_dispatch/middleware/executor.rb:14:in `call'
actionpack (7.0.8.4) lib/action_dispatch/middleware/actionable_exceptions.rb:17:in `call'
actionpack (7.0.8.4) lib/action_dispatch/middleware/debug_exceptions.rb:28:in `call'
web-console (4.2.1) lib/web_console/middleware.rb:132:in `call_app'
web-console (4.2.1) lib/web_console/middleware.rb:28:in `block in call'
web-console (4.2.1) lib/web_console/middleware.rb:17:in `catch'
web-console (4.2.1) lib/web_console/middleware.rb:17:in `call'
actionpack (7.0.8.4) lib/action_dispatch/middleware/show_exceptions.rb:29:in `call'
railties (7.0.8.4) lib/rails/rack/logger.rb:40:in `call_app'
railties (7.0.8.4) lib/rails/rack/logger.rb:25:in `block in call'
activesupport (7.0.8.4) lib/active_support/tagged_logging.rb:99:in `block in tagged'
activesupport (7.0.8.4) lib/active_support/tagged_logging.rb:37:in `tagged'
activesupport (7.0.8.4) lib/active_support/tagged_logging.rb:99:in `tagged'
railties (7.0.8.4) lib/rails/rack/logger.rb:25:in `call'
sprockets-rails (3.5.2) lib/sprockets/rails/quiet_assets.rb:17:in `call'
actionpack (7.0.8.4) lib/action_dispatch/middleware/remote_ip.rb:93:in `call'
actionpack (7.0.8.4) lib/action_dispatch/middleware/request_id.rb:26:in `call'
rack (2.2.9) lib/rack/method_override.rb:24:in `call'
rack (2.2.9) lib/rack/runtime.rb:22:in `call'
activesupport (7.0.8.4) lib/active_support/cache/strategy/local_cache_middleware.rb:29:in `call'
actionpack (7.0.8.4) lib/action_dispatch/middleware/server_timing.rb:61:in `block in call'
actionpack (7.0.8.4) lib/action_dispatch/middleware/server_timing.rb:26:in `collect_events'
actionpack (7.0.8.4) lib/action_dispatch/middleware/server_timing.rb:60:in `call'
actionpack (7.0.8.4) lib/action_dispatch/middleware/executor.rb:14:in `call'
actionpack (7.0.8.4) lib/action_dispatch/middleware/static.rb:23:in `call'
rack (2.2.9) lib/rack/sendfile.rb:110:in `call'
actionpack (7.0.8.4) lib/action_dispatch/middleware/host_authorization.rb:138:in `call'
railties (7.0.8.4) lib/rails/engine.rb:530:in `call'
puma (5.6.8) lib/puma/configuration.rb:252:in `call'
puma (5.6.8) lib/puma/request.rb:77:in `block in handle_request'
puma (5.6.8) lib/puma/thread_pool.rb:340:in `with_force_shutdown'
puma (5.6.8) lib/puma/request.rb:76:in `handle_request'
puma (5.6.8) lib/puma/server.rb:443:in `process_client'
puma (5.6.8) lib/puma/thread_pool.rb:147:in `block in spawn_thread'
Started GET "/" for ::1 at 2024-09-02 17:40:42 +0900
Processing by CsvController#index as HTML
  Rendering layout layouts/application.html.erb
  Rendering csv/index.html.erb within layouts/application
  Rendered csv/index.html.erb within layouts/application (Duration: 0.7ms | Allocations: 322)
  Rendered layout layouts/application.html.erb (Duration: 9.0ms | Allocations: 1710)
Completed 200 OK in 14ms (Views: 10.6ms | ActiveRecord: 0.0ms | Allocations: 1998)


Started POST "/data" for ::1 at 2024-09-02 17:40:46 +0900
  
AbstractController::ActionNotFound (The action 'data' could not be found for CsvController):
  
actionpack (7.0.8.4) lib/abstract_controller/base.rb:146:in `process'
actionview (7.0.8.4) lib/action_view/rendering.rb:39:in `process'
actionpack (7.0.8.4) lib/action_controller/metal.rb:188:in `dispatch'
actionpack (7.0.8.4) lib/action_controller/metal.rb:251:in `dispatch'
actionpack (7.0.8.4) lib/action_dispatch/routing/route_set.rb:49:in `dispatch'
actionpack (7.0.8.4) lib/action_dispatch/routing/route_set.rb:32:in `serve'
actionpack (7.0.8.4) lib/action_dispatch/journey/router.rb:50:in `block in serve'
actionpack (7.0.8.4) lib/action_dispatch/journey/router.rb:32:in `each'
actionpack (7.0.8.4) lib/action_dispatch/journey/router.rb:32:in `serve'
actionpack (7.0.8.4) lib/action_dispatch/routing/route_set.rb:852:in `call'
rack (2.2.9) lib/rack/tempfile_reaper.rb:15:in `call'
rack (2.2.9) lib/rack/etag.rb:27:in `call'
rack (2.2.9) lib/rack/conditional_get.rb:40:in `call'
rack (2.2.9) lib/rack/head.rb:12:in `call'
actionpack (7.0.8.4) lib/action_dispatch/http/permissions_policy.rb:38:in `call'
actionpack (7.0.8.4) lib/action_dispatch/http/content_security_policy.rb:36:in `call'
rack (2.2.9) lib/rack/session/abstract/id.rb:266:in `context'
rack (2.2.9) lib/rack/session/abstract/id.rb:260:in `call'
actionpack (7.0.8.4) lib/action_dispatch/middleware/cookies.rb:704:in `call'
activerecord (7.0.8.4) lib/active_record/migration.rb:638:in `call'
actionpack (7.0.8.4) lib/action_dispatch/middleware/callbacks.rb:27:in `block in call'
activesupport (7.0.8.4) lib/active_support/callbacks.rb:99:in `run_callbacks'
actionpack (7.0.8.4) lib/action_dispatch/middleware/callbacks.rb:26:in `call'
actionpack (7.0.8.4) lib/action_dispatch/middleware/executor.rb:14:in `call'
actionpack (7.0.8.4) lib/action_dispatch/middleware/actionable_exceptions.rb:17:in `call'
actionpack (7.0.8.4) lib/action_dispatch/middleware/debug_exceptions.rb:28:in `call'
web-console (4.2.1) lib/web_console/middleware.rb:132:in `call_app'
web-console (4.2.1) lib/web_console/middleware.rb:28:in `block in call'
web-console (4.2.1) lib/web_console/middleware.rb:17:in `catch'
web-console (4.2.1) lib/web_console/middleware.rb:17:in `call'
actionpack (7.0.8.4) lib/action_dispatch/middleware/show_exceptions.rb:29:in `call'
railties (7.0.8.4) lib/rails/rack/logger.rb:40:in `call_app'
railties (7.0.8.4) lib/rails/rack/logger.rb:25:in `block in call'
activesupport (7.0.8.4) lib/active_support/tagged_logging.rb:99:in `block in tagged'
activesupport (7.0.8.4) lib/active_support/tagged_logging.rb:37:in `tagged'
activesupport (7.0.8.4) lib/active_support/tagged_logging.rb:99:in `tagged'
railties (7.0.8.4) lib/rails/rack/logger.rb:25:in `call'
sprockets-rails (3.5.2) lib/sprockets/rails/quiet_assets.rb:17:in `call'
actionpack (7.0.8.4) lib/action_dispatch/middleware/remote_ip.rb:93:in `call'
actionpack (7.0.8.4) lib/action_dispatch/middleware/request_id.rb:26:in `call'
rack (2.2.9) lib/rack/method_override.rb:24:in `call'
rack (2.2.9) lib/rack/runtime.rb:22:in `call'
activesupport (7.0.8.4) lib/active_support/cache/strategy/local_cache_middleware.rb:29:in `call'
actionpack (7.0.8.4) lib/action_dispatch/middleware/server_timing.rb:61:in `block in call'
actionpack (7.0.8.4) lib/action_dispatch/middleware/server_timing.rb:26:in `collect_events'
actionpack (7.0.8.4) lib/action_dispatch/middleware/server_timing.rb:60:in `call'
actionpack (7.0.8.4) lib/action_dispatch/middleware/executor.rb:14:in `call'
actionpack (7.0.8.4) lib/action_dispatch/middleware/static.rb:23:in `call'
rack (2.2.9) lib/rack/sendfile.rb:110:in `call'
actionpack (7.0.8.4) lib/action_dispatch/middleware/host_authorization.rb:138:in `call'
railties (7.0.8.4) lib/rails/engine.rb:530:in `call'
puma (5.6.8) lib/puma/configuration.rb:252:in `call'
puma (5.6.8) lib/puma/request.rb:77:in `block in handle_request'
puma (5.6.8) lib/puma/thread_pool.rb:340:in `with_force_shutdown'
puma (5.6.8) lib/puma/request.rb:76:in `handle_request'
puma (5.6.8) lib/puma/server.rb:443:in `process_client'
puma (5.6.8) lib/puma/thread_pool.rb:147:in `block in spawn_thread'
Started GET "/" for ::1 at 2024-09-02 17:40:46 +0900
Processing by CsvController#index as HTML
  Rendering layout layouts/application.html.erb
  Rendering csv/index.html.erb within layouts/application
  Rendered csv/index.html.erb within layouts/application (Duration: 0.4ms | Allocations: 313)
  Rendered layout layouts/application.html.erb (Duration: 7.7ms | Allocations: 1701)
Completed 200 OK in 13ms (Views: 9.2ms | ActiveRecord: 0.0ms | Allocations: 1989)


Started POST "/data" for ::1 at 2024-09-02 17:40:47 +0900
  
AbstractController::ActionNotFound (The action 'data' could not be found for CsvController):
  
actionpack (7.0.8.4) lib/abstract_controller/base.rb:146:in `process'
actionview (7.0.8.4) lib/action_view/rendering.rb:39:in `process'
actionpack (7.0.8.4) lib/action_controller/metal.rb:188:in `dispatch'
actionpack (7.0.8.4) lib/action_controller/metal.rb:251:in `dispatch'
actionpack (7.0.8.4) lib/action_dispatch/routing/route_set.rb:49:in `dispatch'
actionpack (7.0.8.4) lib/action_dispatch/routing/route_set.rb:32:in `serve'
actionpack (7.0.8.4) lib/action_dispatch/journey/router.rb:50:in `block in serve'
actionpack (7.0.8.4) lib/action_dispatch/journey/router.rb:32:in `each'
actionpack (7.0.8.4) lib/action_dispatch/journey/router.rb:32:in `serve'
actionpack (7.0.8.4) lib/action_dispatch/routing/route_set.rb:852:in `call'
rack (2.2.9) lib/rack/tempfile_reaper.rb:15:in `call'
rack (2.2.9) lib/rack/etag.rb:27:in `call'
rack (2.2.9) lib/rack/conditional_get.rb:40:in `call'
rack (2.2.9) lib/rack/head.rb:12:in `call'
actionpack (7.0.8.4) lib/action_dispatch/http/permissions_policy.rb:38:in `call'
actionpack (7.0.8.4) lib/action_dispatch/http/content_security_policy.rb:36:in `call'
rack (2.2.9) lib/rack/session/abstract/id.rb:266:in `context'
rack (2.2.9) lib/rack/session/abstract/id.rb:260:in `call'
actionpack (7.0.8.4) lib/action_dispatch/middleware/cookies.rb:704:in `call'
activerecord (7.0.8.4) lib/active_record/migration.rb:638:in `call'
actionpack (7.0.8.4) lib/action_dispatch/middleware/callbacks.rb:27:in `block in call'
activesupport (7.0.8.4) lib/active_support/callbacks.rb:99:in `run_callbacks'
actionpack (7.0.8.4) lib/action_dispatch/middleware/callbacks.rb:26:in `call'
actionpack (7.0.8.4) lib/action_dispatch/middleware/executor.rb:14:in `call'
actionpack (7.0.8.4) lib/action_dispatch/middleware/actionable_exceptions.rb:17:in `call'
actionpack (7.0.8.4) lib/action_dispatch/middleware/debug_exceptions.rb:28:in `call'
web-console (4.2.1) lib/web_console/middleware.rb:132:in `call_app'
web-console (4.2.1) lib/web_console/middleware.rb:28:in `block in call'
web-console (4.2.1) lib/web_console/middleware.rb:17:in `catch'
web-console (4.2.1) lib/web_console/middleware.rb:17:in `call'
actionpack (7.0.8.4) lib/action_dispatch/middleware/show_exceptions.rb:29:in `call'
railties (7.0.8.4) lib/rails/rack/logger.rb:40:in `call_app'
railties (7.0.8.4) lib/rails/rack/logger.rb:25:in `block in call'
activesupport (7.0.8.4) lib/active_support/tagged_logging.rb:99:in `block in tagged'
activesupport (7.0.8.4) lib/active_support/tagged_logging.rb:37:in `tagged'
activesupport (7.0.8.4) lib/active_support/tagged_logging.rb:99:in `tagged'
railties (7.0.8.4) lib/rails/rack/logger.rb:25:in `call'
sprockets-rails (3.5.2) lib/sprockets/rails/quiet_assets.rb:17:in `call'
actionpack (7.0.8.4) lib/action_dispatch/middleware/remote_ip.rb:93:in `call'
actionpack (7.0.8.4) lib/action_dispatch/middleware/request_id.rb:26:in `call'
rack (2.2.9) lib/rack/method_override.rb:24:in `call'
rack (2.2.9) lib/rack/runtime.rb:22:in `call'
activesupport (7.0.8.4) lib/active_support/cache/strategy/local_cache_middleware.rb:29:in `call'
actionpack (7.0.8.4) lib/action_dispatch/middleware/server_timing.rb:61:in `block in call'
actionpack (7.0.8.4) lib/action_dispatch/middleware/server_timing.rb:26:in `collect_events'
actionpack (7.0.8.4) lib/action_dispatch/middleware/server_timing.rb:60:in `call'
actionpack (7.0.8.4) lib/action_dispatch/middleware/executor.rb:14:in `call'
actionpack (7.0.8.4) lib/action_dispatch/middleware/static.rb:23:in `call'
rack (2.2.9) lib/rack/sendfile.rb:110:in `call'
actionpack (7.0.8.4) lib/action_dispatch/middleware/host_authorization.rb:138:in `call'
railties (7.0.8.4) lib/rails/engine.rb:530:in `call'
puma (5.6.8) lib/puma/configuration.rb:252:in `call'
puma (5.6.8) lib/puma/request.rb:77:in `block in handle_request'
puma (5.6.8) lib/puma/thread_pool.rb:340:in `with_force_shutdown'
puma (5.6.8) lib/puma/request.rb:76:in `handle_request'
puma (5.6.8) lib/puma/server.rb:443:in `process_client'
puma (5.6.8) lib/puma/thread_pool.rb:147:in `block in spawn_thread'
Started GET "/" for ::1 at 2024-09-02 17:40:47 +0900
Processing by CsvController#index as HTML
  Rendering layout layouts/application.html.erb
  Rendering csv/index.html.erb within layouts/application
  Rendered csv/index.html.erb within layouts/application (Duration: 0.6ms | Allocations: 328)
  Rendered layout layouts/application.html.erb (Duration: 5.1ms | Allocations: 1716)
Completed 200 OK in 9ms (Views: 6.2ms | ActiveRecord: 0.0ms | Allocations: 2004)


Started POST "/data" for ::1 at 2024-09-02 17:40:57 +0900
  
AbstractController::ActionNotFound (The action 'data' could not be found for CsvController):
  
actionpack (7.0.8.4) lib/abstract_controller/base.rb:146:in `process'
actionview (7.0.8.4) lib/action_view/rendering.rb:39:in `process'
actionpack (7.0.8.4) lib/action_controller/metal.rb:188:in `dispatch'
actionpack (7.0.8.4) lib/action_controller/metal.rb:251:in `dispatch'
actionpack (7.0.8.4) lib/action_dispatch/routing/route_set.rb:49:in `dispatch'
actionpack (7.0.8.4) lib/action_dispatch/routing/route_set.rb:32:in `serve'
actionpack (7.0.8.4) lib/action_dispatch/journey/router.rb:50:in `block in serve'
actionpack (7.0.8.4) lib/action_dispatch/journey/router.rb:32:in `each'
actionpack (7.0.8.4) lib/action_dispatch/journey/router.rb:32:in `serve'
actionpack (7.0.8.4) lib/action_dispatch/routing/route_set.rb:852:in `call'
rack (2.2.9) lib/rack/tempfile_reaper.rb:15:in `call'
rack (2.2.9) lib/rack/etag.rb:27:in `call'
rack (2.2.9) lib/rack/conditional_get.rb:40:in `call'
rack (2.2.9) lib/rack/head.rb:12:in `call'
actionpack (7.0.8.4) lib/action_dispatch/http/permissions_policy.rb:38:in `call'
actionpack (7.0.8.4) lib/action_dispatch/http/content_security_policy.rb:36:in `call'
rack (2.2.9) lib/rack/session/abstract/id.rb:266:in `context'
rack (2.2.9) lib/rack/session/abstract/id.rb:260:in `call'
actionpack (7.0.8.4) lib/action_dispatch/middleware/cookies.rb:704:in `call'
activerecord (7.0.8.4) lib/active_record/migration.rb:638:in `call'
actionpack (7.0.8.4) lib/action_dispatch/middleware/callbacks.rb:27:in `block in call'
activesupport (7.0.8.4) lib/active_support/callbacks.rb:99:in `run_callbacks'
actionpack (7.0.8.4) lib/action_dispatch/middleware/callbacks.rb:26:in `call'
actionpack (7.0.8.4) lib/action_dispatch/middleware/executor.rb:14:in `call'
actionpack (7.0.8.4) lib/action_dispatch/middleware/actionable_exceptions.rb:17:in `call'
actionpack (7.0.8.4) lib/action_dispatch/middleware/debug_exceptions.rb:28:in `call'
web-console (4.2.1) lib/web_console/middleware.rb:132:in `call_app'
web-console (4.2.1) lib/web_console/middleware.rb:28:in `block in call'
web-console (4.2.1) lib/web_console/middleware.rb:17:in `catch'
web-console (4.2.1) lib/web_console/middleware.rb:17:in `call'
actionpack (7.0.8.4) lib/action_dispatch/middleware/show_exceptions.rb:29:in `call'
railties (7.0.8.4) lib/rails/rack/logger.rb:40:in `call_app'
railties (7.0.8.4) lib/rails/rack/logger.rb:25:in `block in call'
activesupport (7.0.8.4) lib/active_support/tagged_logging.rb:99:in `block in tagged'
activesupport (7.0.8.4) lib/active_support/tagged_logging.rb:37:in `tagged'
activesupport (7.0.8.4) lib/active_support/tagged_logging.rb:99:in `tagged'
railties (7.0.8.4) lib/rails/rack/logger.rb:25:in `call'
sprockets-rails (3.5.2) lib/sprockets/rails/quiet_assets.rb:17:in `call'
actionpack (7.0.8.4) lib/action_dispatch/middleware/remote_ip.rb:93:in `call'
actionpack (7.0.8.4) lib/action_dispatch/middleware/request_id.rb:26:in `call'
rack (2.2.9) lib/rack/method_override.rb:24:in `call'
rack (2.2.9) lib/rack/runtime.rb:22:in `call'
activesupport (7.0.8.4) lib/active_support/cache/strategy/local_cache_middleware.rb:29:in `call'
actionpack (7.0.8.4) lib/action_dispatch/middleware/server_timing.rb:61:in `block in call'
actionpack (7.0.8.4) lib/action_dispatch/middleware/server_timing.rb:26:in `collect_events'
actionpack (7.0.8.4) lib/action_dispatch/middleware/server_timing.rb:60:in `call'
actionpack (7.0.8.4) lib/action_dispatch/middleware/executor.rb:14:in `call'
actionpack (7.0.8.4) lib/action_dispatch/middleware/static.rb:23:in `call'
rack (2.2.9) lib/rack/sendfile.rb:110:in `call'
actionpack (7.0.8.4) lib/action_dispatch/middleware/host_authorization.rb:138:in `call'
railties (7.0.8.4) lib/rails/engine.rb:530:in `call'
puma (5.6.8) lib/puma/configuration.rb:252:in `call'
puma (5.6.8) lib/puma/request.rb:77:in `block in handle_request'
puma (5.6.8) lib/puma/thread_pool.rb:340:in `with_force_shutdown'
puma (5.6.8) lib/puma/request.rb:76:in `handle_request'
puma (5.6.8) lib/puma/server.rb:443:in `process_client'
puma (5.6.8) lib/puma/thread_pool.rb:147:in `block in spawn_thread'
Started GET "/" for ::1 at 2024-09-02 17:40:57 +0900
Processing by CsvController#index as HTML
  Rendering layout layouts/application.html.erb
  Rendering csv/index.html.erb within layouts/application
  Rendered csv/index.html.erb within layouts/application (Duration: 0.4ms | Allocations: 304)
  Rendered layout layouts/application.html.erb (Duration: 6.2ms | Allocations: 1692)
Completed 200 OK in 10ms (Views: 7.6ms | ActiveRecord: 0.0ms | Allocations: 1980)


Started POST "/data" for ::1 at 2024-09-02 17:41:11 +0900
  
AbstractController::ActionNotFound (The action 'data' could not be found for CsvController):
  
actionpack (7.0.8.4) lib/abstract_controller/base.rb:146:in `process'
actionview (7.0.8.4) lib/action_view/rendering.rb:39:in `process'
actionpack (7.0.8.4) lib/action_controller/metal.rb:188:in `dispatch'
actionpack (7.0.8.4) lib/action_controller/metal.rb:251:in `dispatch'
actionpack (7.0.8.4) lib/action_dispatch/routing/route_set.rb:49:in `dispatch'
actionpack (7.0.8.4) lib/action_dispatch/routing/route_set.rb:32:in `serve'
actionpack (7.0.8.4) lib/action_dispatch/journey/router.rb:50:in `block in serve'
actionpack (7.0.8.4) lib/action_dispatch/journey/router.rb:32:in `each'
actionpack (7.0.8.4) lib/action_dispatch/journey/router.rb:32:in `serve'
actionpack (7.0.8.4) lib/action_dispatch/routing/route_set.rb:852:in `call'
rack (2.2.9) lib/rack/tempfile_reaper.rb:15:in `call'
rack (2.2.9) lib/rack/etag.rb:27:in `call'
rack (2.2.9) lib/rack/conditional_get.rb:40:in `call'
rack (2.2.9) lib/rack/head.rb:12:in `call'
actionpack (7.0.8.4) lib/action_dispatch/http/permissions_policy.rb:38:in `call'
actionpack (7.0.8.4) lib/action_dispatch/http/content_security_policy.rb:36:in `call'
rack (2.2.9) lib/rack/session/abstract/id.rb:266:in `context'
rack (2.2.9) lib/rack/session/abstract/id.rb:260:in `call'
actionpack (7.0.8.4) lib/action_dispatch/middleware/cookies.rb:704:in `call'
activerecord (7.0.8.4) lib/active_record/migration.rb:638:in `call'
actionpack (7.0.8.4) lib/action_dispatch/middleware/callbacks.rb:27:in `block in call'
activesupport (7.0.8.4) lib/active_support/callbacks.rb:99:in `run_callbacks'
actionpack (7.0.8.4) lib/action_dispatch/middleware/callbacks.rb:26:in `call'
actionpack (7.0.8.4) lib/action_dispatch/middleware/executor.rb:14:in `call'
actionpack (7.0.8.4) lib/action_dispatch/middleware/actionable_exceptions.rb:17:in `call'
actionpack (7.0.8.4) lib/action_dispatch/middleware/debug_exceptions.rb:28:in `call'
web-console (4.2.1) lib/web_console/middleware.rb:132:in `call_app'
web-console (4.2.1) lib/web_console/middleware.rb:28:in `block in call'
web-console (4.2.1) lib/web_console/middleware.rb:17:in `catch'
web-console (4.2.1) lib/web_console/middleware.rb:17:in `call'
actionpack (7.0.8.4) lib/action_dispatch/middleware/show_exceptions.rb:29:in `call'
railties (7.0.8.4) lib/rails/rack/logger.rb:40:in `call_app'
railties (7.0.8.4) lib/rails/rack/logger.rb:25:in `block in call'
activesupport (7.0.8.4) lib/active_support/tagged_logging.rb:99:in `block in tagged'
activesupport (7.0.8.4) lib/active_support/tagged_logging.rb:37:in `tagged'
activesupport (7.0.8.4) lib/active_support/tagged_logging.rb:99:in `tagged'
railties (7.0.8.4) lib/rails/rack/logger.rb:25:in `call'
sprockets-rails (3.5.2) lib/sprockets/rails/quiet_assets.rb:17:in `call'
actionpack (7.0.8.4) lib/action_dispatch/middleware/remote_ip.rb:93:in `call'
actionpack (7.0.8.4) lib/action_dispatch/middleware/request_id.rb:26:in `call'
rack (2.2.9) lib/rack/method_override.rb:24:in `call'
rack (2.2.9) lib/rack/runtime.rb:22:in `call'
activesupport (7.0.8.4) lib/active_support/cache/strategy/local_cache_middleware.rb:29:in `call'
actionpack (7.0.8.4) lib/action_dispatch/middleware/server_timing.rb:61:in `block in call'
actionpack (7.0.8.4) lib/action_dispatch/middleware/server_timing.rb:26:in `collect_events'
actionpack (7.0.8.4) lib/action_dispatch/middleware/server_timing.rb:60:in `call'
actionpack (7.0.8.4) lib/action_dispatch/middleware/executor.rb:14:in `call'
actionpack (7.0.8.4) lib/action_dispatch/middleware/static.rb:23:in `call'
rack (2.2.9) lib/rack/sendfile.rb:110:in `call'
actionpack (7.0.8.4) lib/action_dispatch/middleware/host_authorization.rb:138:in `call'
railties (7.0.8.4) lib/rails/engine.rb:530:in `call'
puma (5.6.8) lib/puma/configuration.rb:252:in `call'
puma (5.6.8) lib/puma/request.rb:77:in `block in handle_request'
puma (5.6.8) lib/puma/thread_pool.rb:340:in `with_force_shutdown'
puma (5.6.8) lib/puma/request.rb:76:in `handle_request'
puma (5.6.8) lib/puma/server.rb:443:in `process_client'
puma (5.6.8) lib/puma/thread_pool.rb:147:in `block in spawn_thread'
Started GET "/" for ::1 at 2024-09-02 17:41:11 +0900
Processing by CsvController#index as HTML
  Rendering layout layouts/application.html.erb
  Rendering csv/index.html.erb within layouts/application
  Rendered csv/index.html.erb within layouts/application (Duration: 0.4ms | Allocations: 319)
  Rendered layout layouts/application.html.erb (Duration: 7.5ms | Allocations: 1707)
Completed 200 OK in 11ms (Views: 9.0ms | ActiveRecord: 0.0ms | Allocations: 1995)


